

============================== 19:54:54.348343 | 4610a597-f836-4dc4-8016-582f7469428b ==============================
[0m19:54:54.348343 [info ] [Dummy-1   ]: Running with dbt=1.9.4
[0m19:54:54.349433 [debug] [Dummy-1   ]: running dbt with arguments {'printer_width': '80', 'indirect_selection': 'eager', 'write_json': 'True', 'log_cache_events': 'False', 'partial_parse': 'True', 'cache_selected_only': 'False', 'profiles_dir': '/tmp/dbt/', 'fail_fast': 'False', 'version_check': 'True', 'log_path': '/tmp/dbt/logs', 'debug': 'False', 'warn_error': 'None', 'use_colors': 'True', 'use_experimental_parser': 'False', 'empty': 'None', 'quiet': 'False', 'no_print': 'None', 'warn_error_options': 'WarnErrorOptions(include=[], exclude=[])', 'static_parser': 'True', 'introspect': 'True', 'invocation_command': 'dbt ', 'target_path': 'None', 'log_format': 'default', 'send_anonymous_usage_stats': 'False'}
[0m19:54:54.540668 [info ] [Dummy-1   ]: Warning: No packages were found in packages.yml
[0m19:54:54.541653 [info ] [Dummy-1   ]: Warning: No packages were found in packages.yml
[0m19:54:54.543506 [debug] [Dummy-1   ]: Resource report: {"command_name": "deps", "command_success": true, "command_wall_clock_time": 0.27530837, "process_in_blocks": "0", "process_kernel_time": 0.47, "process_mem_max_rss": "395416", "process_out_blocks": "0", "process_user_time": 3.16}
[0m19:54:54.544275 [debug] [Dummy-1   ]: Command `cli deps` succeeded at 19:54:54.543961 after 0.28 seconds
[0m19:54:54.544893 [debug] [Dummy-1   ]: Flushing usage events


============================== 19:55:47.090183 | 6ec93be2-4cee-4d35-833b-5b0f858b5b07 ==============================
[0m19:55:47.090183 [info ] [Dummy-1   ]: Running with dbt=1.9.4
[0m19:55:47.091229 [debug] [Dummy-1   ]: running dbt with arguments {'printer_width': '80', 'indirect_selection': 'eager', 'log_cache_events': 'False', 'write_json': 'True', 'partial_parse': 'True', 'cache_selected_only': 'False', 'profiles_dir': '/tmp/dbt/', 'version_check': 'True', 'fail_fast': 'False', 'log_path': '/tmp/dbt/logs', 'debug': 'False', 'warn_error': 'None', 'use_colors': 'True', 'use_experimental_parser': 'False', 'empty': 'False', 'quiet': 'False', 'no_print': 'None', 'log_format': 'default', 'introspect': 'True', 'warn_error_options': 'WarnErrorOptions(include=[], exclude=[])', 'static_parser': 'True', 'target_path': '/tmp/dbt/target/', 'invocation_command': 'dbt ', 'send_anonymous_usage_stats': 'False'}
[0m19:55:47.150512 [error] [Dummy-1   ]:  adapter: Invalid profile: 'user' is a required property.
[0m19:55:47.394532 [info ] [Dummy-1   ]: Registered adapter: snowflake=1.9.2
[0m19:55:47.815603 [debug] [Dummy-1   ]: checksum: 53ed91fada2233efb98368d1716b44ab532c83a9c293cf1890b7905d5b45fb25, vars: {}, profile: , target: dev, version: 1.9.4
[0m19:55:47.816941 [info ] [Dummy-1   ]: Unable to do partial parsing because saved manifest not found. Starting full parse.
[0m19:55:49.518216 [debug] [Dummy-1   ]: Wrote artifact WritableManifest to /tmp/dbt/target/manifest.json
[0m19:55:49.520497 [debug] [Dummy-1   ]: Wrote artifact SemanticManifest to /tmp/dbt/target/semantic_manifest.json
[0m19:55:49.555335 [info ] [Dummy-1   ]: Found 1 model, 8 data tests, 1 source, 474 macros
[0m19:55:49.557939 [info ] [Dummy-1   ]: 
[0m19:55:49.558643 [info ] [Dummy-1   ]: Concurrency: 4 threads (target='dev')
[0m19:55:49.559170 [info ] [Dummy-1   ]: 
[0m19:55:49.559981 [debug] [Dummy-1   ]: Acquiring new snowflake connection 'master'
[0m19:55:49.561857 [debug] [ThreadPool]: Acquiring new snowflake connection 'list_EV_POPULATION_DB_SILVER_SILVER'
[0m19:55:49.650928 [debug] [ThreadPool]: Using snowflake connection "list_EV_POPULATION_DB_SILVER_SILVER"
[0m19:55:49.651567 [debug] [ThreadPool]: On list_EV_POPULATION_DB_SILVER_SILVER: /* {"app": "dbt", "dbt_version": "1.9.4", "profile_name": "ev_charging_dbt", "target_name": "dev", "connection_name": "list_EV_POPULATION_DB_SILVER_SILVER"} */
alter session set quoted_identifiers_ignore_case = false;
[0m19:55:49.652072 [debug] [ThreadPool]: Opening a new connection, currently in state init
[0m19:55:50.135539 [debug] [ThreadPool]: SQL status: SUCCESS 1 in 0.483 seconds
[0m19:55:50.140549 [debug] [ThreadPool]: Using snowflake connection "list_EV_POPULATION_DB_SILVER_SILVER"
[0m19:55:50.141173 [debug] [ThreadPool]: On list_EV_POPULATION_DB_SILVER_SILVER: /* {"app": "dbt", "dbt_version": "1.9.4", "profile_name": "ev_charging_dbt", "target_name": "dev", "connection_name": "list_EV_POPULATION_DB_SILVER_SILVER"} */
show objects in EV_POPULATION_DB.SILVER_SILVER
    limit 10000
    
;
[0m19:55:50.219272 [debug] [ThreadPool]: Snowflake adapter: Snowflake query id: 01c492cf-0005-9d71-000d-faae00045186
[0m19:55:50.219900 [debug] [ThreadPool]: Snowflake adapter: Snowflake error: 002043 (02000): SQL compilation error:
Object does not exist, or operation cannot be performed.
[0m19:55:50.220578 [debug] [ThreadPool]: Snowflake adapter: Error running SQL: macro list_relations_without_caching
[0m19:55:50.221076 [debug] [ThreadPool]: Snowflake adapter: Rolling back transaction.
[0m19:55:50.227798 [debug] [Thread-2 (]: Began running node model.ev_charging_dbt.pg_clean_charging_stations
[0m19:55:50.228724 [debug] [Thread-2 (]: Re-using an available connection from the pool (formerly list_EV_POPULATION_DB_SILVER_SILVER, now model.ev_charging_dbt.pg_clean_charging_stations)
[0m19:55:50.229361 [debug] [Thread-2 (]: Began compiling node model.ev_charging_dbt.pg_clean_charging_stations
[0m19:55:50.239569 [debug] [Thread-2 (]: Writing injected SQL for node "model.ev_charging_dbt.pg_clean_charging_stations"
[0m19:55:50.240549 [debug] [Thread-2 (]: Began executing node model.ev_charging_dbt.pg_clean_charging_stations
[0m19:55:50.241492 [debug] [Thread-2 (]: Finished running node model.ev_charging_dbt.pg_clean_charging_stations
[0m19:55:50.242994 [debug] [Thread-4 (]: Began running node test.ev_charging_dbt.accepted_values_pg_clean_charging_stations_STATE__WA__CA__OR__KS__TX__NY__FL__CO__AZ__NV__IL__MA.97d8c66547
[0m19:55:50.243645 [debug] [Thread-5 (]: Began running node test.ev_charging_dbt.not_null_pg_clean_charging_stations_CITY.3dc23d6186
[0m19:55:50.244248 [debug] [Thread-3 (]: Began running node test.ev_charging_dbt.not_null_pg_clean_charging_stations_POWER_LEVEL_KW.0ed05edb28
[0m19:55:50.244891 [debug] [Thread-2 (]: Began running node test.ev_charging_dbt.not_null_pg_clean_charging_stations_STATE.6340de6706
[0m19:55:50.245792 [debug] [Thread-4 (]: Acquiring new snowflake connection 'test.ev_charging_dbt.accepted_values_pg_clean_charging_stations_STATE__WA__CA__OR__KS__TX__NY__FL__CO__AZ__NV__IL__MA.97d8c66547'
[0m19:55:50.246531 [debug] [Thread-5 (]: Acquiring new snowflake connection 'test.ev_charging_dbt.not_null_pg_clean_charging_stations_CITY.3dc23d6186'
[0m19:55:50.247252 [debug] [Thread-3 (]: Acquiring new snowflake connection 'test.ev_charging_dbt.not_null_pg_clean_charging_stations_POWER_LEVEL_KW.0ed05edb28'
[0m19:55:50.247862 [debug] [Thread-2 (]: Re-using an available connection from the pool (formerly model.ev_charging_dbt.pg_clean_charging_stations, now test.ev_charging_dbt.not_null_pg_clean_charging_stations_STATE.6340de6706)
[0m19:55:50.248506 [debug] [Thread-4 (]: Began compiling node test.ev_charging_dbt.accepted_values_pg_clean_charging_stations_STATE__WA__CA__OR__KS__TX__NY__FL__CO__AZ__NV__IL__MA.97d8c66547
[0m19:55:50.249059 [debug] [Thread-5 (]: Began compiling node test.ev_charging_dbt.not_null_pg_clean_charging_stations_CITY.3dc23d6186
[0m19:55:50.249581 [debug] [Thread-3 (]: Began compiling node test.ev_charging_dbt.not_null_pg_clean_charging_stations_POWER_LEVEL_KW.0ed05edb28
[0m19:55:50.250107 [debug] [Thread-2 (]: Began compiling node test.ev_charging_dbt.not_null_pg_clean_charging_stations_STATE.6340de6706
[0m19:55:50.256971 [debug] [Thread-4 (]: Writing injected SQL for node "test.ev_charging_dbt.accepted_values_pg_clean_charging_stations_STATE__WA__CA__OR__KS__TX__NY__FL__CO__AZ__NV__IL__MA.97d8c66547"
[0m19:55:50.268195 [debug] [Thread-5 (]: Writing injected SQL for node "test.ev_charging_dbt.not_null_pg_clean_charging_stations_CITY.3dc23d6186"
[0m19:55:50.276826 [debug] [Thread-3 (]: Writing injected SQL for node "test.ev_charging_dbt.not_null_pg_clean_charging_stations_POWER_LEVEL_KW.0ed05edb28"
[0m19:55:50.379290 [debug] [Thread-2 (]: Writing injected SQL for node "test.ev_charging_dbt.not_null_pg_clean_charging_stations_STATE.6340de6706"
[0m19:55:50.380705 [debug] [Thread-4 (]: Began executing node test.ev_charging_dbt.accepted_values_pg_clean_charging_stations_STATE__WA__CA__OR__KS__TX__NY__FL__CO__AZ__NV__IL__MA.97d8c66547
[0m19:55:50.381473 [debug] [Thread-5 (]: Began executing node test.ev_charging_dbt.not_null_pg_clean_charging_stations_CITY.3dc23d6186
[0m19:55:50.382390 [debug] [Thread-3 (]: Began executing node test.ev_charging_dbt.not_null_pg_clean_charging_stations_POWER_LEVEL_KW.0ed05edb28
[0m19:55:50.383374 [debug] [Thread-4 (]: Finished running node test.ev_charging_dbt.accepted_values_pg_clean_charging_stations_STATE__WA__CA__OR__KS__TX__NY__FL__CO__AZ__NV__IL__MA.97d8c66547
[0m19:55:50.383960 [debug] [Thread-2 (]: Began executing node test.ev_charging_dbt.not_null_pg_clean_charging_stations_STATE.6340de6706
[0m19:55:50.384857 [debug] [Thread-5 (]: Finished running node test.ev_charging_dbt.not_null_pg_clean_charging_stations_CITY.3dc23d6186
[0m19:55:50.385729 [debug] [Thread-3 (]: Finished running node test.ev_charging_dbt.not_null_pg_clean_charging_stations_POWER_LEVEL_KW.0ed05edb28
[0m19:55:50.386423 [debug] [Thread-4 (]: Began running node test.ev_charging_dbt.not_null_pg_clean_charging_stations_STATION_ID.6c47aef740
[0m19:55:50.387378 [debug] [Thread-2 (]: Finished running node test.ev_charging_dbt.not_null_pg_clean_charging_stations_STATE.6340de6706
[0m19:55:50.388019 [debug] [Thread-5 (]: Began running node test.ev_charging_dbt.not_null_pg_clean_charging_stations_STATION_NAME.70da824fe9
[0m19:55:50.388803 [debug] [Thread-3 (]: Began running node test.ev_charging_dbt.not_null_pg_clean_charging_stations_ZIP_CODE.9eab751e42
[0m19:55:50.389556 [debug] [Thread-4 (]: Re-using an available connection from the pool (formerly test.ev_charging_dbt.accepted_values_pg_clean_charging_stations_STATE__WA__CA__OR__KS__TX__NY__FL__CO__AZ__NV__IL__MA.97d8c66547, now test.ev_charging_dbt.not_null_pg_clean_charging_stations_STATION_ID.6c47aef740)
[0m19:55:50.390163 [debug] [Thread-2 (]: Began running node test.ev_charging_dbt.unique_pg_clean_charging_stations_STATION_ID.e60153ef48
[0m19:55:50.391137 [debug] [Thread-5 (]: Re-using an available connection from the pool (formerly test.ev_charging_dbt.not_null_pg_clean_charging_stations_CITY.3dc23d6186, now test.ev_charging_dbt.not_null_pg_clean_charging_stations_STATION_NAME.70da824fe9)
[0m19:55:50.391779 [debug] [Thread-3 (]: Re-using an available connection from the pool (formerly test.ev_charging_dbt.not_null_pg_clean_charging_stations_POWER_LEVEL_KW.0ed05edb28, now test.ev_charging_dbt.not_null_pg_clean_charging_stations_ZIP_CODE.9eab751e42)
[0m19:55:50.392326 [debug] [Thread-4 (]: Began compiling node test.ev_charging_dbt.not_null_pg_clean_charging_stations_STATION_ID.6c47aef740
[0m19:55:50.392954 [debug] [Thread-2 (]: Re-using an available connection from the pool (formerly test.ev_charging_dbt.not_null_pg_clean_charging_stations_STATE.6340de6706, now test.ev_charging_dbt.unique_pg_clean_charging_stations_STATION_ID.e60153ef48)
[0m19:55:50.393497 [debug] [Thread-5 (]: Began compiling node test.ev_charging_dbt.not_null_pg_clean_charging_stations_STATION_NAME.70da824fe9
[0m19:55:50.394016 [debug] [Thread-3 (]: Began compiling node test.ev_charging_dbt.not_null_pg_clean_charging_stations_ZIP_CODE.9eab751e42
[0m19:55:50.400472 [debug] [Thread-4 (]: Writing injected SQL for node "test.ev_charging_dbt.not_null_pg_clean_charging_stations_STATION_ID.6c47aef740"
[0m19:55:50.401142 [debug] [Thread-2 (]: Began compiling node test.ev_charging_dbt.unique_pg_clean_charging_stations_STATION_ID.e60153ef48
[0m19:55:50.407570 [debug] [Thread-5 (]: Writing injected SQL for node "test.ev_charging_dbt.not_null_pg_clean_charging_stations_STATION_NAME.70da824fe9"
[0m19:55:50.413766 [debug] [Thread-3 (]: Writing injected SQL for node "test.ev_charging_dbt.not_null_pg_clean_charging_stations_ZIP_CODE.9eab751e42"
[0m19:55:50.425126 [debug] [Thread-2 (]: Writing injected SQL for node "test.ev_charging_dbt.unique_pg_clean_charging_stations_STATION_ID.e60153ef48"
[0m19:55:50.425881 [debug] [Thread-4 (]: Began executing node test.ev_charging_dbt.not_null_pg_clean_charging_stations_STATION_ID.6c47aef740
[0m19:55:50.426924 [debug] [Thread-5 (]: Began executing node test.ev_charging_dbt.not_null_pg_clean_charging_stations_STATION_NAME.70da824fe9
[0m19:55:50.427755 [debug] [Thread-3 (]: Began executing node test.ev_charging_dbt.not_null_pg_clean_charging_stations_ZIP_CODE.9eab751e42
[0m19:55:50.428805 [debug] [Thread-4 (]: Finished running node test.ev_charging_dbt.not_null_pg_clean_charging_stations_STATION_ID.6c47aef740
[0m19:55:50.429364 [debug] [Thread-2 (]: Began executing node test.ev_charging_dbt.unique_pg_clean_charging_stations_STATION_ID.e60153ef48
[0m19:55:50.430241 [debug] [Thread-5 (]: Finished running node test.ev_charging_dbt.not_null_pg_clean_charging_stations_STATION_NAME.70da824fe9
[0m19:55:50.431117 [debug] [Thread-3 (]: Finished running node test.ev_charging_dbt.not_null_pg_clean_charging_stations_ZIP_CODE.9eab751e42
[0m19:55:50.432232 [debug] [Thread-2 (]: Finished running node test.ev_charging_dbt.unique_pg_clean_charging_stations_STATION_ID.e60153ef48
[0m19:55:50.435054 [debug] [Dummy-1   ]: Connection 'master' was properly closed.
[0m19:55:50.435607 [debug] [Dummy-1   ]: Connection 'test.ev_charging_dbt.unique_pg_clean_charging_stations_STATION_ID.e60153ef48' was properly closed.
[0m19:55:50.436099 [debug] [Dummy-1   ]: Connection 'test.ev_charging_dbt.not_null_pg_clean_charging_stations_STATION_ID.6c47aef740' was properly closed.
[0m19:55:50.436604 [debug] [Dummy-1   ]: Connection 'test.ev_charging_dbt.not_null_pg_clean_charging_stations_STATION_NAME.70da824fe9' was properly closed.
[0m19:55:50.437088 [debug] [Dummy-1   ]: Connection 'test.ev_charging_dbt.not_null_pg_clean_charging_stations_ZIP_CODE.9eab751e42' was properly closed.
[0m19:55:50.438911 [debug] [Dummy-1   ]: Command end result
[0m19:55:50.461902 [debug] [Dummy-1   ]: Wrote artifact WritableManifest to /tmp/dbt/target/manifest.json
[0m19:55:50.463986 [debug] [Dummy-1   ]: Wrote artifact SemanticManifest to /tmp/dbt/target/semantic_manifest.json
[0m19:55:50.471498 [debug] [Dummy-1   ]: Wrote artifact RunExecutionResult to /tmp/dbt/target/run_results.json
[0m19:55:50.473391 [debug] [Dummy-1   ]: Resource report: {"command_name": "compile", "command_success": true, "command_wall_clock_time": 3.4632812, "process_in_blocks": "0", "process_kernel_time": 0.73, "process_mem_max_rss": "501128", "process_out_blocks": "0", "process_user_time": 5.56}
[0m19:55:50.474103 [debug] [Dummy-1   ]: Command `cli compile` succeeded at 19:55:50.473815 after 3.46 seconds
[0m19:55:50.474670 [debug] [Dummy-1   ]: Flushing usage events


============================== 19:56:45.537185 | fac43d67-d6c9-4075-82e4-31f048d69ab2 ==============================
[0m19:56:45.537185 [info ] [Dummy-1   ]: Running with dbt=1.9.4
[0m19:56:45.538215 [debug] [Dummy-1   ]: running dbt with arguments {'printer_width': '80', 'indirect_selection': 'eager', 'write_json': 'True', 'log_cache_events': 'False', 'partial_parse': 'True', 'cache_selected_only': 'False', 'profiles_dir': '/tmp/dbt/', 'debug': 'False', 'warn_error': 'None', 'log_path': '/tmp/dbt/logs', 'fail_fast': 'False', 'version_check': 'True', 'use_colors': 'True', 'use_experimental_parser': 'False', 'empty': 'False', 'quiet': 'False', 'no_print': 'None', 'log_format': 'default', 'introspect': 'True', 'warn_error_options': 'WarnErrorOptions(include=[], exclude=[])', 'invocation_command': 'dbt ', 'target_path': '/tmp/dbt/target/', 'static_parser': 'True', 'send_anonymous_usage_stats': 'False'}
[0m19:56:45.598149 [error] [Dummy-1   ]:  adapter: Invalid profile: 'user' is a required property.
[0m19:56:45.846800 [info ] [Dummy-1   ]: Registered adapter: snowflake=1.9.2
[0m19:56:46.272653 [debug] [Dummy-1   ]: checksum: 53ed91fada2233efb98368d1716b44ab532c83a9c293cf1890b7905d5b45fb25, vars: {}, profile: , target: dev, version: 1.9.4
[0m19:56:46.476142 [debug] [Dummy-1   ]: Partial parsing enabled: 0 files deleted, 0 files added, 0 files changed.
[0m19:56:46.476818 [debug] [Dummy-1   ]: Partial parsing enabled, no changes found, skipping parsing
[0m19:56:46.693472 [debug] [Dummy-1   ]: Wrote artifact WritableManifest to /tmp/dbt/target/manifest.json
[0m19:56:46.695852 [debug] [Dummy-1   ]: Wrote artifact SemanticManifest to /tmp/dbt/target/semantic_manifest.json
[0m19:56:46.740113 [info ] [Dummy-1   ]: Found 1 model, 8 data tests, 1 source, 474 macros
[0m19:56:46.742441 [info ] [Dummy-1   ]: 
[0m19:56:46.743064 [info ] [Dummy-1   ]: Concurrency: 4 threads (target='dev')
[0m19:56:46.743544 [info ] [Dummy-1   ]: 
[0m19:56:46.744469 [debug] [Dummy-1   ]: Acquiring new snowflake connection 'master'
[0m19:56:46.746304 [debug] [ThreadPool]: Acquiring new snowflake connection 'list_EV_POPULATION_DB'
[0m19:56:46.831907 [debug] [ThreadPool]: Using snowflake connection "list_EV_POPULATION_DB"
[0m19:56:46.832558 [debug] [ThreadPool]: On list_EV_POPULATION_DB: /* {"app": "dbt", "dbt_version": "1.9.4", "profile_name": "ev_charging_dbt", "target_name": "dev", "connection_name": "list_EV_POPULATION_DB"} */
show terse schemas in database EV_POPULATION_DB
    limit 10000
[0m19:56:46.833066 [debug] [ThreadPool]: Opening a new connection, currently in state init
[0m19:56:47.361096 [debug] [ThreadPool]: SQL status: SUCCESS 9 in 0.528 seconds
[0m19:56:47.363723 [debug] [ThreadPool]: Re-using an available connection from the pool (formerly list_EV_POPULATION_DB, now create_EV_POPULATION_DB_SILVER_SILVER)
[0m19:56:47.364551 [debug] [ThreadPool]: Creating schema "database: "EV_POPULATION_DB"
schema: "SILVER_SILVER"
"
[0m19:56:47.371946 [debug] [ThreadPool]: Using snowflake connection "create_EV_POPULATION_DB_SILVER_SILVER"
[0m19:56:47.372543 [debug] [ThreadPool]: On create_EV_POPULATION_DB_SILVER_SILVER: /* {"app": "dbt", "dbt_version": "1.9.4", "profile_name": "ev_charging_dbt", "target_name": "dev", "connection_name": "create_EV_POPULATION_DB_SILVER_SILVER"} */
create schema if not exists EV_POPULATION_DB.SILVER_SILVER
[0m19:56:47.373001 [debug] [ThreadPool]: Opening a new connection, currently in state init
[0m19:56:47.961690 [debug] [ThreadPool]: SQL status: SUCCESS 1 in 0.588 seconds
[0m19:56:47.964993 [debug] [ThreadPool]: Acquiring new snowflake connection 'list_EV_POPULATION_DB_SILVER_SILVER'
[0m19:56:47.978222 [debug] [ThreadPool]: Using snowflake connection "list_EV_POPULATION_DB_SILVER_SILVER"
[0m19:56:47.978917 [debug] [ThreadPool]: On list_EV_POPULATION_DB_SILVER_SILVER: /* {"app": "dbt", "dbt_version": "1.9.4", "profile_name": "ev_charging_dbt", "target_name": "dev", "connection_name": "list_EV_POPULATION_DB_SILVER_SILVER"} */
alter session set quoted_identifiers_ignore_case = false;
[0m19:56:47.979408 [debug] [ThreadPool]: Opening a new connection, currently in state init
[0m19:56:48.569853 [debug] [ThreadPool]: SQL status: SUCCESS 1 in 0.590 seconds
[0m19:56:48.574740 [debug] [ThreadPool]: Using snowflake connection "list_EV_POPULATION_DB_SILVER_SILVER"
[0m19:56:48.575355 [debug] [ThreadPool]: On list_EV_POPULATION_DB_SILVER_SILVER: /* {"app": "dbt", "dbt_version": "1.9.4", "profile_name": "ev_charging_dbt", "target_name": "dev", "connection_name": "list_EV_POPULATION_DB_SILVER_SILVER"} */
show objects in EV_POPULATION_DB.SILVER_SILVER
    limit 10000
    
;
[0m19:56:48.669818 [debug] [ThreadPool]: SQL status: SUCCESS 0 in 0.094 seconds
[0m19:56:48.671977 [debug] [ThreadPool]: Using snowflake connection "list_EV_POPULATION_DB_SILVER_SILVER"
[0m19:56:48.672588 [debug] [ThreadPool]: On list_EV_POPULATION_DB_SILVER_SILVER: /* {"app": "dbt", "dbt_version": "1.9.4", "profile_name": "ev_charging_dbt", "target_name": "dev", "connection_name": "list_EV_POPULATION_DB_SILVER_SILVER"} */
alter session unset quoted_identifiers_ignore_case;
[0m19:56:48.751086 [debug] [ThreadPool]: SQL status: SUCCESS 1 in 0.078 seconds
[0m19:56:48.758972 [debug] [Thread-2 (]: Began running node model.ev_charging_dbt.pg_clean_charging_stations
[0m19:56:48.759896 [info ] [Thread-2 (]: 1 of 1 START sql table model SILVER_SILVER.pg_clean_charging_stations .......... [RUN]
[0m19:56:48.760661 [debug] [Thread-2 (]: Re-using an available connection from the pool (formerly list_EV_POPULATION_DB_SILVER_SILVER, now model.ev_charging_dbt.pg_clean_charging_stations)
[0m19:56:48.761241 [debug] [Thread-2 (]: Began compiling node model.ev_charging_dbt.pg_clean_charging_stations
[0m19:56:48.770657 [debug] [Thread-2 (]: Writing injected SQL for node "model.ev_charging_dbt.pg_clean_charging_stations"
[0m19:56:48.771547 [debug] [Thread-2 (]: Began executing node model.ev_charging_dbt.pg_clean_charging_stations
[0m19:56:48.806722 [debug] [Thread-2 (]: Writing runtime sql for node "model.ev_charging_dbt.pg_clean_charging_stations"
[0m19:56:48.808744 [debug] [Thread-2 (]: Using snowflake connection "model.ev_charging_dbt.pg_clean_charging_stations"
[0m19:56:48.809415 [debug] [Thread-2 (]: On model.ev_charging_dbt.pg_clean_charging_stations: /* {"app": "dbt", "dbt_version": "1.9.4", "profile_name": "ev_charging_dbt", "target_name": "dev", "node_id": "model.ev_charging_dbt.pg_clean_charging_stations"} */
create or replace transient table EV_POPULATION_DB.SILVER_SILVER.pg_clean_charging_stations
         as
        (

SELECT
    STATION_ID,
    TRIM(STATION_NAME)              AS STATION_NAME,
    TRIM(INITCAP(CITY))             AS CITY,
    TRIM(UPPER(COUNTY))             AS COUNTY,
    UPPER(STATE)                    AS STATE,
    TRIM(ZIP_CODE)                  AS ZIP_CODE,
    UPPER(CONNECTOR_TYPE)           AS CONNECTOR_TYPE,
    POWER_LEVEL_KW,
    TRIM(NETWORK)                   AS NETWORK,
    NUM_PORTS,
    UPPER(STATUS)                   AS STATION_STATUS,
    LATITUDE,
    LONGITUDE,
    LAST_UPDATED,
    MERGED_AT
FROM EV_POPULATION_DB.PG_BRONZE.PG_CHARGING_STATIONS
WHERE IS_DELETED = FALSE
  AND STATION_ID IS NOT NULL
  AND POWER_LEVEL_KW BETWEEN 1 AND 500
        );
[0m19:56:48.809991 [debug] [Thread-2 (]: Opening a new connection, currently in state init
[0m19:56:50.532842 [debug] [Thread-2 (]: SQL status: SUCCESS 1 in 1.723 seconds
[0m19:56:50.564384 [info ] [Thread-2 (]: 1 of 1 OK created sql table model SILVER_SILVER.pg_clean_charging_stations ..... [[32mSUCCESS 1[0m in 1.80s]
[0m19:56:50.565255 [debug] [Thread-2 (]: Finished running node model.ev_charging_dbt.pg_clean_charging_stations
[0m19:56:50.567913 [debug] [Dummy-1   ]: Connection 'master' was properly closed.
[0m19:56:50.568530 [debug] [Dummy-1   ]: Connection 'create_EV_POPULATION_DB_SILVER_SILVER' was properly closed.
[0m19:56:50.569007 [debug] [Dummy-1   ]: Connection 'model.ev_charging_dbt.pg_clean_charging_stations' was properly closed.
[0m19:56:50.569534 [info ] [Dummy-1   ]: 
[0m19:56:50.570090 [info ] [Dummy-1   ]: Finished running 1 table model in 0 hours 0 minutes and 3.83 seconds (3.83s).
[0m19:56:50.570975 [debug] [Dummy-1   ]: Command end result
[0m19:56:50.593518 [debug] [Dummy-1   ]: Wrote artifact WritableManifest to /tmp/dbt/target/manifest.json
[0m19:56:50.595599 [debug] [Dummy-1   ]: Wrote artifact SemanticManifest to /tmp/dbt/target/semantic_manifest.json
[0m19:56:50.602286 [debug] [Dummy-1   ]: Wrote artifact RunExecutionResult to /tmp/dbt/target/run_results.json
[0m19:56:50.602836 [info ] [Dummy-1   ]: 
[0m19:56:50.603508 [info ] [Dummy-1   ]: [32mCompleted successfully[0m
[0m19:56:50.604003 [info ] [Dummy-1   ]: 
[0m19:56:50.604518 [info ] [Dummy-1   ]: Done. PASS=1 WARN=0 ERROR=0 SKIP=0 TOTAL=1
[0m19:56:50.606278 [debug] [Dummy-1   ]: Resource report: {"command_name": "run", "command_success": true, "command_wall_clock_time": 5.151229, "process_in_blocks": "0", "process_kernel_time": 0.94, "process_mem_max_rss": "454568", "process_out_blocks": "0", "process_user_time": 4.25}
[0m19:56:50.606994 [debug] [Dummy-1   ]: Command `cli run` succeeded at 19:56:50.606703 after 5.15 seconds
[0m19:56:50.607613 [debug] [Dummy-1   ]: Flushing usage events


============================== 19:58:57.298410 | 967887ab-dfe7-4786-b3f0-93d70d4ffe35 ==============================
[0m19:58:57.298410 [info ] [Dummy-1   ]: Running with dbt=1.9.4
[0m19:58:57.299332 [debug] [Dummy-1   ]: running dbt with arguments {'printer_width': '80', 'indirect_selection': 'eager', 'log_cache_events': 'False', 'write_json': 'True', 'partial_parse': 'True', 'cache_selected_only': 'False', 'profiles_dir': '/tmp/dbt/', 'debug': 'False', 'warn_error': 'None', 'log_path': '/tmp/dbt/logs', 'fail_fast': 'False', 'version_check': 'True', 'use_colors': 'True', 'use_experimental_parser': 'False', 'no_print': 'None', 'quiet': 'False', 'empty': 'False', 'log_format': 'default', 'introspect': 'True', 'static_parser': 'True', 'invocation_command': 'dbt ', 'target_path': '/tmp/dbt/target/', 'warn_error_options': 'WarnErrorOptions(include=[], exclude=[])', 'send_anonymous_usage_stats': 'False'}
[0m19:58:57.354079 [error] [Dummy-1   ]:  adapter: Invalid profile: 'user' is a required property.
[0m19:58:57.574288 [info ] [Dummy-1   ]: Registered adapter: snowflake=1.9.2
[0m19:58:57.990421 [debug] [Dummy-1   ]: checksum: 53ed91fada2233efb98368d1716b44ab532c83a9c293cf1890b7905d5b45fb25, vars: {}, profile: , target: dev, version: 1.9.4
[0m19:58:58.127598 [info ] [Dummy-1   ]: Unable to do partial parsing because a project config has changed
[0m19:58:59.721401 [debug] [Dummy-1   ]: Wrote artifact WritableManifest to /tmp/dbt/target/manifest.json
[0m19:58:59.723638 [debug] [Dummy-1   ]: Wrote artifact SemanticManifest to /tmp/dbt/target/semantic_manifest.json
[0m19:58:59.763133 [info ] [Dummy-1   ]: Found 1 model, 8 data tests, 1 source, 474 macros
[0m19:58:59.765159 [info ] [Dummy-1   ]: 
[0m19:58:59.765699 [info ] [Dummy-1   ]: Concurrency: 4 threads (target='dev')
[0m19:58:59.766123 [info ] [Dummy-1   ]: 
[0m19:58:59.766802 [debug] [Dummy-1   ]: Acquiring new snowflake connection 'master'
[0m19:58:59.768417 [debug] [ThreadPool]: Acquiring new snowflake connection 'list_EV_POPULATION_DB'
[0m19:58:59.849496 [debug] [ThreadPool]: Using snowflake connection "list_EV_POPULATION_DB"
[0m19:58:59.850102 [debug] [ThreadPool]: On list_EV_POPULATION_DB: /* {"app": "dbt", "dbt_version": "1.9.4", "profile_name": "ev_charging_dbt", "target_name": "dev", "connection_name": "list_EV_POPULATION_DB"} */
show terse schemas in database EV_POPULATION_DB
    limit 10000
[0m19:58:59.850577 [debug] [ThreadPool]: Opening a new connection, currently in state init
[0m19:59:00.406655 [debug] [ThreadPool]: SQL status: SUCCESS 10 in 0.556 seconds
[0m19:59:00.410334 [debug] [ThreadPool]: Acquiring new snowflake connection 'list_EV_POPULATION_DB_SILVER'
[0m19:59:00.422866 [debug] [ThreadPool]: Using snowflake connection "list_EV_POPULATION_DB_SILVER"
[0m19:59:00.423376 [debug] [ThreadPool]: On list_EV_POPULATION_DB_SILVER: /* {"app": "dbt", "dbt_version": "1.9.4", "profile_name": "ev_charging_dbt", "target_name": "dev", "connection_name": "list_EV_POPULATION_DB_SILVER"} */
alter session set quoted_identifiers_ignore_case = false;
[0m19:59:00.423799 [debug] [ThreadPool]: Opening a new connection, currently in state init
[0m19:59:01.012346 [debug] [ThreadPool]: SQL status: SUCCESS 1 in 0.588 seconds
[0m19:59:01.016837 [debug] [ThreadPool]: Using snowflake connection "list_EV_POPULATION_DB_SILVER"
[0m19:59:01.017336 [debug] [ThreadPool]: On list_EV_POPULATION_DB_SILVER: /* {"app": "dbt", "dbt_version": "1.9.4", "profile_name": "ev_charging_dbt", "target_name": "dev", "connection_name": "list_EV_POPULATION_DB_SILVER"} */
show objects in EV_POPULATION_DB.SILVER
    limit 10000
    
;
[0m19:59:01.116950 [debug] [ThreadPool]: SQL status: SUCCESS 1 in 0.099 seconds
[0m19:59:01.119111 [debug] [ThreadPool]: Using snowflake connection "list_EV_POPULATION_DB_SILVER"
[0m19:59:01.119630 [debug] [ThreadPool]: On list_EV_POPULATION_DB_SILVER: /* {"app": "dbt", "dbt_version": "1.9.4", "profile_name": "ev_charging_dbt", "target_name": "dev", "connection_name": "list_EV_POPULATION_DB_SILVER"} */
alter session unset quoted_identifiers_ignore_case;
[0m19:59:01.199746 [debug] [ThreadPool]: SQL status: SUCCESS 1 in 0.079 seconds
[0m19:59:01.207030 [debug] [Thread-2 (]: Began running node model.ev_charging_dbt.pg_clean_charging_stations
[0m19:59:01.207786 [info ] [Thread-2 (]: 1 of 1 START sql table model SILVER.pg_clean_charging_stations ................. [RUN]
[0m19:59:01.208882 [debug] [Thread-2 (]: Re-using an available connection from the pool (formerly list_EV_POPULATION_DB_SILVER, now model.ev_charging_dbt.pg_clean_charging_stations)
[0m19:59:01.209431 [debug] [Thread-2 (]: Began compiling node model.ev_charging_dbt.pg_clean_charging_stations
[0m19:59:01.218213 [debug] [Thread-2 (]: Writing injected SQL for node "model.ev_charging_dbt.pg_clean_charging_stations"
[0m19:59:01.218994 [debug] [Thread-2 (]: Began executing node model.ev_charging_dbt.pg_clean_charging_stations
[0m19:59:01.253209 [debug] [Thread-2 (]: Writing runtime sql for node "model.ev_charging_dbt.pg_clean_charging_stations"
[0m19:59:01.254899 [debug] [Thread-2 (]: Using snowflake connection "model.ev_charging_dbt.pg_clean_charging_stations"
[0m19:59:01.255493 [debug] [Thread-2 (]: On model.ev_charging_dbt.pg_clean_charging_stations: /* {"app": "dbt", "dbt_version": "1.9.4", "profile_name": "ev_charging_dbt", "target_name": "dev", "node_id": "model.ev_charging_dbt.pg_clean_charging_stations"} */
create or replace transient table EV_POPULATION_DB.SILVER.pg_clean_charging_stations
         as
        (

SELECT
    STATION_ID,
    TRIM(STATION_NAME)              AS STATION_NAME,
    TRIM(INITCAP(CITY))             AS CITY,
    TRIM(UPPER(COUNTY))             AS COUNTY,
    UPPER(STATE)                    AS STATE,
    TRIM(ZIP_CODE)                  AS ZIP_CODE,
    UPPER(CONNECTOR_TYPE)           AS CONNECTOR_TYPE,
    POWER_LEVEL_KW,
    TRIM(NETWORK)                   AS NETWORK,
    NUM_PORTS,
    UPPER(STATUS)                   AS STATION_STATUS,
    LATITUDE,
    LONGITUDE,
    LAST_UPDATED,
    MERGED_AT
FROM EV_POPULATION_DB.PG_BRONZE.PG_CHARGING_STATIONS
WHERE IS_DELETED = FALSE
  AND STATION_ID IS NOT NULL
  AND POWER_LEVEL_KW BETWEEN 1 AND 500
        );
[0m19:59:01.256016 [debug] [Thread-2 (]: Opening a new connection, currently in state init
[0m19:59:02.974416 [debug] [Thread-2 (]: SQL status: SUCCESS 1 in 1.718 seconds
[0m19:59:03.002211 [info ] [Thread-2 (]: 1 of 1 OK created sql table model SILVER.pg_clean_charging_stations ............ [[32mSUCCESS 1[0m in 1.79s]
[0m19:59:03.003061 [debug] [Thread-2 (]: Finished running node model.ev_charging_dbt.pg_clean_charging_stations
[0m19:59:03.005400 [debug] [Dummy-1   ]: Connection 'master' was properly closed.
[0m19:59:03.005866 [debug] [Dummy-1   ]: Connection 'list_EV_POPULATION_DB' was properly closed.
[0m19:59:03.006248 [debug] [Dummy-1   ]: Connection 'model.ev_charging_dbt.pg_clean_charging_stations' was properly closed.
[0m19:59:03.006684 [info ] [Dummy-1   ]: 
[0m19:59:03.007123 [info ] [Dummy-1   ]: Finished running 1 table model in 0 hours 0 minutes and 3.24 seconds (3.24s).
[0m19:59:03.007965 [debug] [Dummy-1   ]: Command end result
[0m19:59:03.031559 [debug] [Dummy-1   ]: Wrote artifact WritableManifest to /tmp/dbt/target/manifest.json
[0m19:59:03.033507 [debug] [Dummy-1   ]: Wrote artifact SemanticManifest to /tmp/dbt/target/semantic_manifest.json
[0m19:59:03.039342 [debug] [Dummy-1   ]: Wrote artifact RunExecutionResult to /tmp/dbt/target/run_results.json
[0m19:59:03.039796 [info ] [Dummy-1   ]: 
[0m19:59:03.040408 [info ] [Dummy-1   ]: [32mCompleted successfully[0m
[0m19:59:03.040863 [info ] [Dummy-1   ]: 
[0m19:59:03.041329 [info ] [Dummy-1   ]: Done. PASS=1 WARN=0 ERROR=0 SKIP=0 TOTAL=1
[0m19:59:03.042957 [debug] [Dummy-1   ]: Resource report: {"command_name": "run", "command_success": true, "command_wall_clock_time": 5.817818, "process_in_blocks": "0", "process_kernel_time": 0.83, "process_mem_max_rss": "499556", "process_out_blocks": "0", "process_user_time": 5.15}
[0m19:59:03.043588 [debug] [Dummy-1   ]: Command `cli run` succeeded at 19:59:03.043318 after 5.82 seconds
[0m19:59:03.044133 [debug] [Dummy-1   ]: Flushing usage events


============================== 20:00:07.594667 | f903adfc-d5f1-4edc-8087-c0109ab308a5 ==============================
[0m20:00:07.594667 [info ] [Dummy-1   ]: Running with dbt=1.9.4
[0m20:00:07.595538 [debug] [Dummy-1   ]: running dbt with arguments {'printer_width': '80', 'indirect_selection': 'eager', 'write_json': 'True', 'log_cache_events': 'False', 'partial_parse': 'True', 'cache_selected_only': 'False', 'profiles_dir': '/tmp/dbt/', 'version_check': 'True', 'fail_fast': 'False', 'log_path': '/tmp/dbt/logs', 'debug': 'False', 'warn_error': 'None', 'use_colors': 'True', 'use_experimental_parser': 'False', 'empty': 'None', 'quiet': 'False', 'no_print': 'None', 'warn_error_options': 'WarnErrorOptions(include=[], exclude=[])', 'static_parser': 'True', 'log_format': 'default', 'invocation_command': 'dbt ', 'target_path': '/tmp/dbt/target/', 'introspect': 'True', 'send_anonymous_usage_stats': 'False'}
[0m20:00:07.649351 [error] [Dummy-1   ]:  adapter: Invalid profile: 'user' is a required property.
[0m20:00:07.871078 [info ] [Dummy-1   ]: Registered adapter: snowflake=1.9.2
[0m20:00:08.291366 [debug] [Dummy-1   ]: checksum: 53ed91fada2233efb98368d1716b44ab532c83a9c293cf1890b7905d5b45fb25, vars: {}, profile: , target: dev, version: 1.9.4
[0m20:00:08.481138 [debug] [Dummy-1   ]: Partial parsing enabled: 0 files deleted, 0 files added, 0 files changed.
[0m20:00:08.481729 [debug] [Dummy-1   ]: Partial parsing enabled, no changes found, skipping parsing
[0m20:00:08.681796 [debug] [Dummy-1   ]: Wrote artifact WritableManifest to /tmp/dbt/target/manifest.json
[0m20:00:08.683838 [debug] [Dummy-1   ]: Wrote artifact SemanticManifest to /tmp/dbt/target/semantic_manifest.json
[0m20:00:08.739757 [info ] [Dummy-1   ]: Found 1 model, 8 data tests, 1 source, 474 macros
[0m20:00:08.742205 [info ] [Dummy-1   ]: 
[0m20:00:08.742749 [info ] [Dummy-1   ]: Concurrency: 4 threads (target='dev')
[0m20:00:08.743186 [info ] [Dummy-1   ]: 
[0m20:00:08.743913 [debug] [Dummy-1   ]: Acquiring new snowflake connection 'master'
[0m20:00:08.745606 [debug] [ThreadPool]: Acquiring new snowflake connection 'list_EV_POPULATION_DB_SILVER'
[0m20:00:08.832919 [debug] [ThreadPool]: Using snowflake connection "list_EV_POPULATION_DB_SILVER"
[0m20:00:08.833521 [debug] [ThreadPool]: On list_EV_POPULATION_DB_SILVER: /* {"app": "dbt", "dbt_version": "1.9.4", "profile_name": "ev_charging_dbt", "target_name": "dev", "connection_name": "list_EV_POPULATION_DB_SILVER"} */
alter session set quoted_identifiers_ignore_case = false;
[0m20:00:08.834155 [debug] [ThreadPool]: Opening a new connection, currently in state init
[0m20:00:09.289061 [debug] [ThreadPool]: SQL status: SUCCESS 1 in 0.455 seconds
[0m20:00:09.293522 [debug] [ThreadPool]: Using snowflake connection "list_EV_POPULATION_DB_SILVER"
[0m20:00:09.294063 [debug] [ThreadPool]: On list_EV_POPULATION_DB_SILVER: /* {"app": "dbt", "dbt_version": "1.9.4", "profile_name": "ev_charging_dbt", "target_name": "dev", "connection_name": "list_EV_POPULATION_DB_SILVER"} */
show objects in EV_POPULATION_DB.SILVER
    limit 10000
    
;
[0m20:00:09.389647 [debug] [ThreadPool]: SQL status: SUCCESS 2 in 0.095 seconds
[0m20:00:09.391789 [debug] [ThreadPool]: Using snowflake connection "list_EV_POPULATION_DB_SILVER"
[0m20:00:09.392267 [debug] [ThreadPool]: On list_EV_POPULATION_DB_SILVER: /* {"app": "dbt", "dbt_version": "1.9.4", "profile_name": "ev_charging_dbt", "target_name": "dev", "connection_name": "list_EV_POPULATION_DB_SILVER"} */
alter session unset quoted_identifiers_ignore_case;
[0m20:00:09.479822 [debug] [ThreadPool]: SQL status: SUCCESS 1 in 0.087 seconds
[0m20:00:09.488539 [debug] [Thread-2 (]: Began running node test.ev_charging_dbt.accepted_values_pg_clean_charging_stations_STATE__WA__CA__OR__KS__TX__NY__FL__CO__AZ__NV__IL__MA.97d8c66547
[0m20:00:09.489654 [debug] [Thread-3 (]: Began running node test.ev_charging_dbt.not_null_pg_clean_charging_stations_CITY.3dc23d6186
[0m20:00:09.490263 [debug] [Thread-4 (]: Began running node test.ev_charging_dbt.not_null_pg_clean_charging_stations_POWER_LEVEL_KW.0ed05edb28
[0m20:00:09.490836 [debug] [Thread-5 (]: Began running node test.ev_charging_dbt.not_null_pg_clean_charging_stations_STATE.6340de6706
[0m20:00:09.491415 [info ] [Thread-2 (]: 1 of 8 START test accepted_values_pg_clean_charging_stations_STATE__WA__CA__OR__KS__TX__NY__FL__CO__AZ__NV__IL__MA  [RUN]
[0m20:00:09.492008 [info ] [Thread-3 (]: 2 of 8 START test not_null_pg_clean_charging_stations_CITY ..................... [RUN]
[0m20:00:09.492618 [info ] [Thread-4 (]: 3 of 8 START test not_null_pg_clean_charging_stations_POWER_LEVEL_KW ........... [RUN]
[0m20:00:09.493147 [info ] [Thread-5 (]: 4 of 8 START test not_null_pg_clean_charging_stations_STATE .................... [RUN]
[0m20:00:09.493816 [debug] [Thread-2 (]: Re-using an available connection from the pool (formerly list_EV_POPULATION_DB_SILVER, now test.ev_charging_dbt.accepted_values_pg_clean_charging_stations_STATE__WA__CA__OR__KS__TX__NY__FL__CO__AZ__NV__IL__MA.97d8c66547)
[0m20:00:09.494506 [debug] [Thread-3 (]: Acquiring new snowflake connection 'test.ev_charging_dbt.not_null_pg_clean_charging_stations_CITY.3dc23d6186'
[0m20:00:09.495170 [debug] [Thread-4 (]: Acquiring new snowflake connection 'test.ev_charging_dbt.not_null_pg_clean_charging_stations_POWER_LEVEL_KW.0ed05edb28'
[0m20:00:09.495838 [debug] [Thread-5 (]: Acquiring new snowflake connection 'test.ev_charging_dbt.not_null_pg_clean_charging_stations_STATE.6340de6706'
[0m20:00:09.496356 [debug] [Thread-2 (]: Began compiling node test.ev_charging_dbt.accepted_values_pg_clean_charging_stations_STATE__WA__CA__OR__KS__TX__NY__FL__CO__AZ__NV__IL__MA.97d8c66547
[0m20:00:09.496845 [debug] [Thread-3 (]: Began compiling node test.ev_charging_dbt.not_null_pg_clean_charging_stations_CITY.3dc23d6186
[0m20:00:09.497369 [debug] [Thread-4 (]: Began compiling node test.ev_charging_dbt.not_null_pg_clean_charging_stations_POWER_LEVEL_KW.0ed05edb28
[0m20:00:09.497921 [debug] [Thread-5 (]: Began compiling node test.ev_charging_dbt.not_null_pg_clean_charging_stations_STATE.6340de6706
[0m20:00:09.522886 [debug] [Thread-2 (]: Writing injected SQL for node "test.ev_charging_dbt.accepted_values_pg_clean_charging_stations_STATE__WA__CA__OR__KS__TX__NY__FL__CO__AZ__NV__IL__MA.97d8c66547"
[0m20:00:09.533230 [debug] [Thread-3 (]: Writing injected SQL for node "test.ev_charging_dbt.not_null_pg_clean_charging_stations_CITY.3dc23d6186"
[0m20:00:09.540153 [debug] [Thread-4 (]: Writing injected SQL for node "test.ev_charging_dbt.not_null_pg_clean_charging_stations_POWER_LEVEL_KW.0ed05edb28"
[0m20:00:09.546282 [debug] [Thread-5 (]: Writing injected SQL for node "test.ev_charging_dbt.not_null_pg_clean_charging_stations_STATE.6340de6706"
[0m20:00:09.547409 [debug] [Thread-2 (]: Began executing node test.ev_charging_dbt.accepted_values_pg_clean_charging_stations_STATE__WA__CA__OR__KS__TX__NY__FL__CO__AZ__NV__IL__MA.97d8c66547
[0m20:00:09.548174 [debug] [Thread-3 (]: Began executing node test.ev_charging_dbt.not_null_pg_clean_charging_stations_CITY.3dc23d6186
[0m20:00:09.548969 [debug] [Thread-4 (]: Began executing node test.ev_charging_dbt.not_null_pg_clean_charging_stations_POWER_LEVEL_KW.0ed05edb28
[0m20:00:09.571089 [debug] [Thread-2 (]: Writing runtime sql for node "test.ev_charging_dbt.accepted_values_pg_clean_charging_stations_STATE__WA__CA__OR__KS__TX__NY__FL__CO__AZ__NV__IL__MA.97d8c66547"
[0m20:00:09.571629 [debug] [Thread-5 (]: Began executing node test.ev_charging_dbt.not_null_pg_clean_charging_stations_STATE.6340de6706
[0m20:00:09.575505 [debug] [Thread-3 (]: Writing runtime sql for node "test.ev_charging_dbt.not_null_pg_clean_charging_stations_CITY.3dc23d6186"
[0m20:00:09.580501 [debug] [Thread-4 (]: Writing runtime sql for node "test.ev_charging_dbt.not_null_pg_clean_charging_stations_POWER_LEVEL_KW.0ed05edb28"
[0m20:00:09.584328 [debug] [Thread-5 (]: Writing runtime sql for node "test.ev_charging_dbt.not_null_pg_clean_charging_stations_STATE.6340de6706"
[0m20:00:09.585678 [debug] [Thread-2 (]: Using snowflake connection "test.ev_charging_dbt.accepted_values_pg_clean_charging_stations_STATE__WA__CA__OR__KS__TX__NY__FL__CO__AZ__NV__IL__MA.97d8c66547"
[0m20:00:09.587080 [debug] [Thread-3 (]: Using snowflake connection "test.ev_charging_dbt.not_null_pg_clean_charging_stations_CITY.3dc23d6186"
[0m20:00:09.588343 [debug] [Thread-4 (]: Using snowflake connection "test.ev_charging_dbt.not_null_pg_clean_charging_stations_POWER_LEVEL_KW.0ed05edb28"
[0m20:00:09.588944 [debug] [Thread-2 (]: On test.ev_charging_dbt.accepted_values_pg_clean_charging_stations_STATE__WA__CA__OR__KS__TX__NY__FL__CO__AZ__NV__IL__MA.97d8c66547: /* {"app": "dbt", "dbt_version": "1.9.4", "profile_name": "ev_charging_dbt", "target_name": "dev", "node_id": "test.ev_charging_dbt.accepted_values_pg_clean_charging_stations_STATE__WA__CA__OR__KS__TX__NY__FL__CO__AZ__NV__IL__MA.97d8c66547"} */
select
      count(*) as failures,
      count(*) != 0 as should_warn,
      count(*) != 0 as should_error
    from (
      
    
    

with all_values as (

    select
        STATE as value_field,
        count(*) as n_records

    from EV_POPULATION_DB.SILVER.pg_clean_charging_stations
    group by STATE

)

select *
from all_values
where value_field not in (
    'WA','CA','OR','KS','TX','NY','FL','CO','AZ','NV','IL','MA'
)



      
    ) dbt_internal_test
[0m20:00:09.589882 [debug] [Thread-5 (]: Using snowflake connection "test.ev_charging_dbt.not_null_pg_clean_charging_stations_STATE.6340de6706"
[0m20:00:09.590581 [debug] [Thread-3 (]: On test.ev_charging_dbt.not_null_pg_clean_charging_stations_CITY.3dc23d6186: /* {"app": "dbt", "dbt_version": "1.9.4", "profile_name": "ev_charging_dbt", "target_name": "dev", "node_id": "test.ev_charging_dbt.not_null_pg_clean_charging_stations_CITY.3dc23d6186"} */
select
      count(*) as failures,
      count(*) != 0 as should_warn,
      count(*) != 0 as should_error
    from (
      
    
    



select CITY
from EV_POPULATION_DB.SILVER.pg_clean_charging_stations
where CITY is null



      
    ) dbt_internal_test
[0m20:00:09.591178 [debug] [Thread-4 (]: On test.ev_charging_dbt.not_null_pg_clean_charging_stations_POWER_LEVEL_KW.0ed05edb28: /* {"app": "dbt", "dbt_version": "1.9.4", "profile_name": "ev_charging_dbt", "target_name": "dev", "node_id": "test.ev_charging_dbt.not_null_pg_clean_charging_stations_POWER_LEVEL_KW.0ed05edb28"} */
select
      count(*) as failures,
      count(*) != 0 as should_warn,
      count(*) != 0 as should_error
    from (
      
    
    



select POWER_LEVEL_KW
from EV_POPULATION_DB.SILVER.pg_clean_charging_stations
where POWER_LEVEL_KW is null



      
    ) dbt_internal_test
[0m20:00:09.591726 [debug] [Thread-2 (]: Opening a new connection, currently in state init
[0m20:00:09.592253 [debug] [Thread-5 (]: On test.ev_charging_dbt.not_null_pg_clean_charging_stations_STATE.6340de6706: /* {"app": "dbt", "dbt_version": "1.9.4", "profile_name": "ev_charging_dbt", "target_name": "dev", "node_id": "test.ev_charging_dbt.not_null_pg_clean_charging_stations_STATE.6340de6706"} */
select
      count(*) as failures,
      count(*) != 0 as should_warn,
      count(*) != 0 as should_error
    from (
      
    
    



select STATE
from EV_POPULATION_DB.SILVER.pg_clean_charging_stations
where STATE is null



      
    ) dbt_internal_test
[0m20:00:09.592784 [debug] [Thread-3 (]: Opening a new connection, currently in state init
[0m20:00:09.593296 [debug] [Thread-4 (]: Opening a new connection, currently in state init
[0m20:00:09.594029 [debug] [Thread-5 (]: Opening a new connection, currently in state init
[0m20:00:10.193039 [debug] [Thread-3 (]: SQL status: SUCCESS 1 in 0.600 seconds
[0m20:00:10.202476 [info ] [Thread-3 (]: 2 of 8 PASS not_null_pg_clean_charging_stations_CITY ........................... [[32mPASS[0m in 0.71s]
[0m20:00:10.203369 [debug] [Thread-4 (]: SQL status: SUCCESS 1 in 0.610 seconds
[0m20:00:10.204145 [debug] [Thread-5 (]: SQL status: SUCCESS 1 in 0.610 seconds
[0m20:00:10.205071 [debug] [Thread-3 (]: Finished running node test.ev_charging_dbt.not_null_pg_clean_charging_stations_CITY.3dc23d6186
[0m20:00:10.207279 [info ] [Thread-4 (]: 3 of 8 PASS not_null_pg_clean_charging_stations_POWER_LEVEL_KW ................. [[32mPASS[0m in 0.71s]
[0m20:00:10.209427 [info ] [Thread-5 (]: 4 of 8 PASS not_null_pg_clean_charging_stations_STATE .......................... [[32mPASS[0m in 0.71s]
[0m20:00:10.210229 [debug] [Thread-2 (]: SQL status: SUCCESS 1 in 0.618 seconds
[0m20:00:10.210869 [debug] [Thread-3 (]: Began running node test.ev_charging_dbt.not_null_pg_clean_charging_stations_STATION_ID.6c47aef740
[0m20:00:10.211701 [debug] [Thread-4 (]: Finished running node test.ev_charging_dbt.not_null_pg_clean_charging_stations_POWER_LEVEL_KW.0ed05edb28
[0m20:00:10.212377 [debug] [Thread-5 (]: Finished running node test.ev_charging_dbt.not_null_pg_clean_charging_stations_STATE.6340de6706
[0m20:00:10.214463 [info ] [Thread-2 (]: 1 of 8 PASS accepted_values_pg_clean_charging_stations_STATE__WA__CA__OR__KS__TX__NY__FL__CO__AZ__NV__IL__MA  [[32mPASS[0m in 0.72s]
[0m20:00:10.215137 [info ] [Thread-3 (]: 5 of 8 START test not_null_pg_clean_charging_stations_STATION_ID ............... [RUN]
[0m20:00:10.215786 [debug] [Thread-4 (]: Began running node test.ev_charging_dbt.not_null_pg_clean_charging_stations_STATION_NAME.70da824fe9
[0m20:00:10.216433 [debug] [Thread-5 (]: Began running node test.ev_charging_dbt.not_null_pg_clean_charging_stations_ZIP_CODE.9eab751e42
[0m20:00:10.217145 [debug] [Thread-2 (]: Finished running node test.ev_charging_dbt.accepted_values_pg_clean_charging_stations_STATE__WA__CA__OR__KS__TX__NY__FL__CO__AZ__NV__IL__MA.97d8c66547
[0m20:00:10.217860 [debug] [Thread-3 (]: Re-using an available connection from the pool (formerly test.ev_charging_dbt.not_null_pg_clean_charging_stations_CITY.3dc23d6186, now test.ev_charging_dbt.not_null_pg_clean_charging_stations_STATION_ID.6c47aef740)
[0m20:00:10.218444 [info ] [Thread-4 (]: 6 of 8 START test not_null_pg_clean_charging_stations_STATION_NAME ............. [RUN]
[0m20:00:10.219034 [info ] [Thread-5 (]: 7 of 8 START test not_null_pg_clean_charging_stations_ZIP_CODE ................. [RUN]
[0m20:00:10.219748 [debug] [Thread-2 (]: Began running node test.ev_charging_dbt.unique_pg_clean_charging_stations_STATION_ID.e60153ef48
[0m20:00:10.220399 [debug] [Thread-3 (]: Began compiling node test.ev_charging_dbt.not_null_pg_clean_charging_stations_STATION_ID.6c47aef740
[0m20:00:10.221046 [debug] [Thread-4 (]: Re-using an available connection from the pool (formerly test.ev_charging_dbt.not_null_pg_clean_charging_stations_POWER_LEVEL_KW.0ed05edb28, now test.ev_charging_dbt.not_null_pg_clean_charging_stations_STATION_NAME.70da824fe9)
[0m20:00:10.221660 [debug] [Thread-5 (]: Re-using an available connection from the pool (formerly test.ev_charging_dbt.not_null_pg_clean_charging_stations_STATE.6340de6706, now test.ev_charging_dbt.not_null_pg_clean_charging_stations_ZIP_CODE.9eab751e42)
[0m20:00:10.222220 [info ] [Thread-2 (]: 8 of 8 START test unique_pg_clean_charging_stations_STATION_ID ................. [RUN]
[0m20:00:10.228122 [debug] [Thread-3 (]: Writing injected SQL for node "test.ev_charging_dbt.not_null_pg_clean_charging_stations_STATION_ID.6c47aef740"
[0m20:00:10.228740 [debug] [Thread-4 (]: Began compiling node test.ev_charging_dbt.not_null_pg_clean_charging_stations_STATION_NAME.70da824fe9
[0m20:00:10.229265 [debug] [Thread-5 (]: Began compiling node test.ev_charging_dbt.not_null_pg_clean_charging_stations_ZIP_CODE.9eab751e42
[0m20:00:10.229886 [debug] [Thread-2 (]: Re-using an available connection from the pool (formerly test.ev_charging_dbt.accepted_values_pg_clean_charging_stations_STATE__WA__CA__OR__KS__TX__NY__FL__CO__AZ__NV__IL__MA.97d8c66547, now test.ev_charging_dbt.unique_pg_clean_charging_stations_STATION_ID.e60153ef48)
[0m20:00:10.235522 [debug] [Thread-4 (]: Writing injected SQL for node "test.ev_charging_dbt.not_null_pg_clean_charging_stations_STATION_NAME.70da824fe9"
[0m20:00:10.236063 [debug] [Thread-3 (]: Began executing node test.ev_charging_dbt.not_null_pg_clean_charging_stations_STATION_ID.6c47aef740
[0m20:00:10.242719 [debug] [Thread-5 (]: Writing injected SQL for node "test.ev_charging_dbt.not_null_pg_clean_charging_stations_ZIP_CODE.9eab751e42"
[0m20:00:10.243275 [debug] [Thread-2 (]: Began compiling node test.ev_charging_dbt.unique_pg_clean_charging_stations_STATION_ID.e60153ef48
[0m20:00:10.247210 [debug] [Thread-3 (]: Writing runtime sql for node "test.ev_charging_dbt.not_null_pg_clean_charging_stations_STATION_ID.6c47aef740"
[0m20:00:10.247713 [debug] [Thread-4 (]: Began executing node test.ev_charging_dbt.not_null_pg_clean_charging_stations_STATION_NAME.70da824fe9
[0m20:00:10.255584 [debug] [Thread-2 (]: Writing injected SQL for node "test.ev_charging_dbt.unique_pg_clean_charging_stations_STATION_ID.e60153ef48"
[0m20:00:10.256120 [debug] [Thread-5 (]: Began executing node test.ev_charging_dbt.not_null_pg_clean_charging_stations_ZIP_CODE.9eab751e42
[0m20:00:10.260367 [debug] [Thread-4 (]: Writing runtime sql for node "test.ev_charging_dbt.not_null_pg_clean_charging_stations_STATION_NAME.70da824fe9"
[0m20:00:10.261344 [debug] [Thread-3 (]: Using snowflake connection "test.ev_charging_dbt.not_null_pg_clean_charging_stations_STATION_ID.6c47aef740"
[0m20:00:10.265397 [debug] [Thread-5 (]: Writing runtime sql for node "test.ev_charging_dbt.not_null_pg_clean_charging_stations_ZIP_CODE.9eab751e42"
[0m20:00:10.265964 [debug] [Thread-2 (]: Began executing node test.ev_charging_dbt.unique_pg_clean_charging_stations_STATION_ID.e60153ef48
[0m20:00:10.266679 [debug] [Thread-3 (]: On test.ev_charging_dbt.not_null_pg_clean_charging_stations_STATION_ID.6c47aef740: /* {"app": "dbt", "dbt_version": "1.9.4", "profile_name": "ev_charging_dbt", "target_name": "dev", "node_id": "test.ev_charging_dbt.not_null_pg_clean_charging_stations_STATION_ID.6c47aef740"} */
select
      count(*) as failures,
      count(*) != 0 as should_warn,
      count(*) != 0 as should_error
    from (
      
    
    



select STATION_ID
from EV_POPULATION_DB.SILVER.pg_clean_charging_stations
where STATION_ID is null



      
    ) dbt_internal_test
[0m20:00:10.267701 [debug] [Thread-4 (]: Using snowflake connection "test.ev_charging_dbt.not_null_pg_clean_charging_stations_STATION_NAME.70da824fe9"
[0m20:00:10.272776 [debug] [Thread-2 (]: Writing runtime sql for node "test.ev_charging_dbt.unique_pg_clean_charging_stations_STATION_ID.e60153ef48"
[0m20:00:10.273682 [debug] [Thread-5 (]: Using snowflake connection "test.ev_charging_dbt.not_null_pg_clean_charging_stations_ZIP_CODE.9eab751e42"
[0m20:00:10.274199 [debug] [Thread-3 (]: Opening a new connection, currently in state init
[0m20:00:10.274721 [debug] [Thread-4 (]: On test.ev_charging_dbt.not_null_pg_clean_charging_stations_STATION_NAME.70da824fe9: /* {"app": "dbt", "dbt_version": "1.9.4", "profile_name": "ev_charging_dbt", "target_name": "dev", "node_id": "test.ev_charging_dbt.not_null_pg_clean_charging_stations_STATION_NAME.70da824fe9"} */
select
      count(*) as failures,
      count(*) != 0 as should_warn,
      count(*) != 0 as should_error
    from (
      
    
    



select STATION_NAME
from EV_POPULATION_DB.SILVER.pg_clean_charging_stations
where STATION_NAME is null



      
    ) dbt_internal_test
[0m20:00:10.275491 [debug] [Thread-5 (]: On test.ev_charging_dbt.not_null_pg_clean_charging_stations_ZIP_CODE.9eab751e42: /* {"app": "dbt", "dbt_version": "1.9.4", "profile_name": "ev_charging_dbt", "target_name": "dev", "node_id": "test.ev_charging_dbt.not_null_pg_clean_charging_stations_ZIP_CODE.9eab751e42"} */
select
      count(*) as failures,
      count(*) != 0 as should_warn,
      count(*) != 0 as should_error
    from (
      
    
    



select ZIP_CODE
from EV_POPULATION_DB.SILVER.pg_clean_charging_stations
where ZIP_CODE is null



      
    ) dbt_internal_test
[0m20:00:10.276499 [debug] [Thread-2 (]: Using snowflake connection "test.ev_charging_dbt.unique_pg_clean_charging_stations_STATION_ID.e60153ef48"
[0m20:00:10.277109 [debug] [Thread-4 (]: Opening a new connection, currently in state init
[0m20:00:10.277596 [debug] [Thread-5 (]: Opening a new connection, currently in state init
[0m20:00:10.278232 [debug] [Thread-2 (]: On test.ev_charging_dbt.unique_pg_clean_charging_stations_STATION_ID.e60153ef48: /* {"app": "dbt", "dbt_version": "1.9.4", "profile_name": "ev_charging_dbt", "target_name": "dev", "node_id": "test.ev_charging_dbt.unique_pg_clean_charging_stations_STATION_ID.e60153ef48"} */
select
      count(*) as failures,
      count(*) != 0 as should_warn,
      count(*) != 0 as should_error
    from (
      
    
    

select
    STATION_ID as unique_field,
    count(*) as n_records

from EV_POPULATION_DB.SILVER.pg_clean_charging_stations
where STATION_ID is not null
group by STATION_ID
having count(*) > 1



      
    ) dbt_internal_test
[0m20:00:10.279027 [debug] [Thread-2 (]: Opening a new connection, currently in state init
[0m20:00:10.741611 [debug] [Thread-5 (]: SQL status: SUCCESS 1 in 0.464 seconds
[0m20:00:10.744338 [info ] [Thread-5 (]: 7 of 8 PASS not_null_pg_clean_charging_stations_ZIP_CODE ....................... [[32mPASS[0m in 0.52s]
[0m20:00:10.745160 [debug] [Thread-5 (]: Finished running node test.ev_charging_dbt.not_null_pg_clean_charging_stations_ZIP_CODE.9eab751e42
[0m20:00:10.771470 [debug] [Thread-2 (]: SQL status: SUCCESS 1 in 0.492 seconds
[0m20:00:10.774037 [info ] [Thread-2 (]: 8 of 8 PASS unique_pg_clean_charging_stations_STATION_ID ....................... [[32mPASS[0m in 0.54s]
[0m20:00:10.774841 [debug] [Thread-4 (]: SQL status: SUCCESS 1 in 0.498 seconds
[0m20:00:10.775562 [debug] [Thread-2 (]: Finished running node test.ev_charging_dbt.unique_pg_clean_charging_stations_STATION_ID.e60153ef48
[0m20:00:10.777666 [info ] [Thread-4 (]: 6 of 8 PASS not_null_pg_clean_charging_stations_STATION_NAME ................... [[32mPASS[0m in 0.56s]
[0m20:00:10.778670 [debug] [Thread-4 (]: Finished running node test.ev_charging_dbt.not_null_pg_clean_charging_stations_STATION_NAME.70da824fe9
[0m20:00:10.815857 [debug] [Thread-3 (]: SQL status: SUCCESS 1 in 0.541 seconds
[0m20:00:10.818262 [info ] [Thread-3 (]: 5 of 8 PASS not_null_pg_clean_charging_stations_STATION_ID ..................... [[32mPASS[0m in 0.60s]
[0m20:00:10.819020 [debug] [Thread-3 (]: Finished running node test.ev_charging_dbt.not_null_pg_clean_charging_stations_STATION_ID.6c47aef740
[0m20:00:10.822065 [debug] [Dummy-1   ]: Connection 'master' was properly closed.
[0m20:00:10.822905 [debug] [Dummy-1   ]: Connection 'test.ev_charging_dbt.unique_pg_clean_charging_stations_STATION_ID.e60153ef48' was properly closed.
[0m20:00:10.823391 [debug] [Dummy-1   ]: Connection 'test.ev_charging_dbt.not_null_pg_clean_charging_stations_STATION_ID.6c47aef740' was properly closed.
[0m20:00:10.823889 [debug] [Dummy-1   ]: Connection 'test.ev_charging_dbt.not_null_pg_clean_charging_stations_STATION_NAME.70da824fe9' was properly closed.
[0m20:00:10.824376 [debug] [Dummy-1   ]: Connection 'test.ev_charging_dbt.not_null_pg_clean_charging_stations_ZIP_CODE.9eab751e42' was properly closed.
[0m20:00:10.824911 [info ] [Dummy-1   ]: 
[0m20:00:10.825400 [info ] [Dummy-1   ]: Finished running 8 data tests in 0 hours 0 minutes and 2.08 seconds (2.08s).
[0m20:00:10.826961 [debug] [Dummy-1   ]: Command end result
[0m20:00:10.849707 [debug] [Dummy-1   ]: Wrote artifact WritableManifest to /tmp/dbt/target/manifest.json
[0m20:00:10.851588 [debug] [Dummy-1   ]: Wrote artifact SemanticManifest to /tmp/dbt/target/semantic_manifest.json
[0m20:00:10.858680 [debug] [Dummy-1   ]: Wrote artifact RunExecutionResult to /tmp/dbt/target/run_results.json
[0m20:00:10.859159 [info ] [Dummy-1   ]: 
[0m20:00:10.859725 [info ] [Dummy-1   ]: [32mCompleted successfully[0m
[0m20:00:10.860206 [info ] [Dummy-1   ]: 
[0m20:00:10.860667 [info ] [Dummy-1   ]: Done. PASS=8 WARN=0 ERROR=0 SKIP=0 TOTAL=8
[0m20:00:10.862684 [debug] [Dummy-1   ]: Resource report: {"command_name": "test", "command_success": true, "command_wall_clock_time": 3.3417578, "process_in_blocks": "0", "process_kernel_time": 0.81, "process_mem_max_rss": "456124", "process_out_blocks": "0", "process_user_time": 4.1}
[0m20:00:10.863295 [debug] [Dummy-1   ]: Command `cli test` succeeded at 20:00:10.863049 after 3.34 seconds
[0m20:00:10.863805 [debug] [Dummy-1   ]: Flushing usage events


============================== 00:48:09.313333 | 3b66f404-100c-41c7-bc41-2d1c8abece00 ==============================
[0m00:48:09.313333 [info ] [Dummy-1   ]: Running with dbt=1.9.4
[0m00:48:09.314257 [debug] [Dummy-1   ]: running dbt with arguments {'printer_width': '80', 'indirect_selection': 'eager', 'write_json': 'True', 'log_cache_events': 'False', 'partial_parse': 'True', 'cache_selected_only': 'False', 'warn_error': 'None', 'debug': 'False', 'fail_fast': 'False', 'log_path': '/tmp/dbt/logs', 'profiles_dir': '/tmp/dbt/', 'version_check': 'True', 'use_colors': 'True', 'use_experimental_parser': 'False', 'no_print': 'None', 'quiet': 'False', 'empty': 'False', 'log_format': 'default', 'invocation_command': 'dbt ', 'introspect': 'True', 'warn_error_options': 'WarnErrorOptions(include=[], exclude=[])', 'target_path': '/tmp/dbt/target/', 'static_parser': 'True', 'send_anonymous_usage_stats': 'False'}
[0m00:48:09.369279 [error] [Dummy-1   ]:  adapter: Invalid profile: 'user' is a required property.
[0m00:48:09.595549 [info ] [Dummy-1   ]: Registered adapter: snowflake=1.9.2
[0m00:48:10.016915 [debug] [Dummy-1   ]: checksum: 53ed91fada2233efb98368d1716b44ab532c83a9c293cf1890b7905d5b45fb25, vars: {}, profile: , target: dev, version: 1.9.4
[0m00:48:10.154454 [info ] [Dummy-1   ]: Unable to do partial parsing because a project config has changed
[0m00:48:11.781841 [debug] [Dummy-1   ]: Wrote artifact WritableManifest to /tmp/dbt/target/manifest.json
[0m00:48:11.783862 [debug] [Dummy-1   ]: Wrote artifact SemanticManifest to /tmp/dbt/target/semantic_manifest.json
[0m00:48:11.844345 [info ] [Dummy-1   ]: Found 2 models, 8 data tests, 1 source, 475 macros
[0m00:48:11.847070 [info ] [Dummy-1   ]: 
[0m00:48:11.847611 [info ] [Dummy-1   ]: Concurrency: 4 threads (target='dev')
[0m00:48:11.848060 [info ] [Dummy-1   ]: 
[0m00:48:11.848890 [debug] [Dummy-1   ]: Acquiring new snowflake connection 'master'
[0m00:48:11.854377 [debug] [ThreadPool]: Acquiring new snowflake connection 'list_EV_POPULATION_DB'
[0m00:48:11.855457 [debug] [ThreadPool]: Acquiring new snowflake connection 'list_EV_POPULATION_DB'
[0m00:48:11.939700 [debug] [ThreadPool]: Using snowflake connection "list_EV_POPULATION_DB"
[0m00:48:11.940377 [debug] [ThreadPool]: Using snowflake connection "list_EV_POPULATION_DB"
[0m00:48:11.940932 [debug] [ThreadPool]: On list_EV_POPULATION_DB: /* {"app": "dbt", "dbt_version": "1.9.4", "profile_name": "ev_charging_dbt", "target_name": "dev", "connection_name": "list_EV_POPULATION_DB"} */
show terse schemas in database EV_POPULATION_DB
    limit 10000
[0m00:48:11.941438 [debug] [ThreadPool]: On list_EV_POPULATION_DB: /* {"app": "dbt", "dbt_version": "1.9.4", "profile_name": "ev_charging_dbt", "target_name": "dev", "connection_name": "list_EV_POPULATION_DB"} */
show terse schemas in database EV_POPULATION_DB
    limit 10000
[0m00:48:11.941893 [debug] [ThreadPool]: Opening a new connection, currently in state init
[0m00:48:11.942310 [debug] [ThreadPool]: Opening a new connection, currently in state init
[0m00:48:12.508494 [debug] [ThreadPool]: SQL status: SUCCESS 10 in 0.566 seconds
[0m00:48:12.532651 [debug] [ThreadPool]: SQL status: SUCCESS 10 in 0.591 seconds
[0m00:48:12.536526 [debug] [ThreadPool]: Acquiring new snowflake connection 'list_EV_POPULATION_DB_GOLD'
[0m00:48:12.537518 [debug] [ThreadPool]: Re-using an available connection from the pool (formerly list_EV_POPULATION_DB, now list_EV_POPULATION_DB_SILVER)
[0m00:48:12.551186 [debug] [ThreadPool]: Using snowflake connection "list_EV_POPULATION_DB_GOLD"
[0m00:48:12.554964 [debug] [ThreadPool]: Using snowflake connection "list_EV_POPULATION_DB_SILVER"
[0m00:48:12.555558 [debug] [ThreadPool]: On list_EV_POPULATION_DB_GOLD: /* {"app": "dbt", "dbt_version": "1.9.4", "profile_name": "ev_charging_dbt", "target_name": "dev", "connection_name": "list_EV_POPULATION_DB_GOLD"} */
alter session set quoted_identifiers_ignore_case = false;
[0m00:48:12.556103 [debug] [ThreadPool]: On list_EV_POPULATION_DB_SILVER: /* {"app": "dbt", "dbt_version": "1.9.4", "profile_name": "ev_charging_dbt", "target_name": "dev", "connection_name": "list_EV_POPULATION_DB_SILVER"} */
alter session set quoted_identifiers_ignore_case = false;
[0m00:48:12.556546 [debug] [ThreadPool]: Opening a new connection, currently in state init
[0m00:48:12.557022 [debug] [ThreadPool]: Opening a new connection, currently in state init
[0m00:48:13.110266 [debug] [ThreadPool]: SQL status: SUCCESS 1 in 0.553 seconds
[0m00:48:13.114854 [debug] [ThreadPool]: Using snowflake connection "list_EV_POPULATION_DB_SILVER"
[0m00:48:13.115418 [debug] [ThreadPool]: On list_EV_POPULATION_DB_SILVER: /* {"app": "dbt", "dbt_version": "1.9.4", "profile_name": "ev_charging_dbt", "target_name": "dev", "connection_name": "list_EV_POPULATION_DB_SILVER"} */
show objects in EV_POPULATION_DB.SILVER
    limit 10000
    
;
[0m00:48:13.160575 [debug] [ThreadPool]: SQL status: SUCCESS 1 in 0.604 seconds
[0m00:48:13.162859 [debug] [ThreadPool]: Using snowflake connection "list_EV_POPULATION_DB_GOLD"
[0m00:48:13.163387 [debug] [ThreadPool]: On list_EV_POPULATION_DB_GOLD: /* {"app": "dbt", "dbt_version": "1.9.4", "profile_name": "ev_charging_dbt", "target_name": "dev", "connection_name": "list_EV_POPULATION_DB_GOLD"} */
show objects in EV_POPULATION_DB.GOLD
    limit 10000
    
;
[0m00:48:13.239728 [debug] [ThreadPool]: SQL status: SUCCESS 2 in 0.124 seconds
[0m00:48:13.241850 [debug] [ThreadPool]: Using snowflake connection "list_EV_POPULATION_DB_SILVER"
[0m00:48:13.242343 [debug] [ThreadPool]: On list_EV_POPULATION_DB_SILVER: /* {"app": "dbt", "dbt_version": "1.9.4", "profile_name": "ev_charging_dbt", "target_name": "dev", "connection_name": "list_EV_POPULATION_DB_SILVER"} */
alter session unset quoted_identifiers_ignore_case;
[0m00:48:13.297883 [debug] [ThreadPool]: SQL status: SUCCESS 5 in 0.134 seconds
[0m00:48:13.300152 [debug] [ThreadPool]: Using snowflake connection "list_EV_POPULATION_DB_GOLD"
[0m00:48:13.300671 [debug] [ThreadPool]: On list_EV_POPULATION_DB_GOLD: /* {"app": "dbt", "dbt_version": "1.9.4", "profile_name": "ev_charging_dbt", "target_name": "dev", "connection_name": "list_EV_POPULATION_DB_GOLD"} */
alter session unset quoted_identifiers_ignore_case;
[0m00:48:13.342242 [debug] [ThreadPool]: SQL status: SUCCESS 1 in 0.099 seconds
[0m00:48:13.387293 [debug] [ThreadPool]: SQL status: SUCCESS 1 in 0.086 seconds
[0m00:48:13.396243 [debug] [Thread-2 (]: Began running node model.ev_charging_dbt.pg_clean_charging_stations
[0m00:48:13.397082 [info ] [Thread-2 (]: 1 of 10 START sql table model SILVER.pg_clean_charging_stations ................ [RUN]
[0m00:48:13.397808 [debug] [Thread-2 (]: Re-using an available connection from the pool (formerly list_EV_POPULATION_DB_GOLD, now model.ev_charging_dbt.pg_clean_charging_stations)
[0m00:48:13.398414 [debug] [Thread-2 (]: Began compiling node model.ev_charging_dbt.pg_clean_charging_stations
[0m00:48:13.409369 [debug] [Thread-2 (]: Writing injected SQL for node "model.ev_charging_dbt.pg_clean_charging_stations"
[0m00:48:13.410163 [debug] [Thread-2 (]: Began executing node model.ev_charging_dbt.pg_clean_charging_stations
[0m00:48:13.443069 [debug] [Thread-2 (]: Writing runtime sql for node "model.ev_charging_dbt.pg_clean_charging_stations"
[0m00:48:13.444784 [debug] [Thread-2 (]: Using snowflake connection "model.ev_charging_dbt.pg_clean_charging_stations"
[0m00:48:13.445407 [debug] [Thread-2 (]: On model.ev_charging_dbt.pg_clean_charging_stations: /* {"app": "dbt", "dbt_version": "1.9.4", "profile_name": "ev_charging_dbt", "target_name": "dev", "node_id": "model.ev_charging_dbt.pg_clean_charging_stations"} */
create or replace transient table EV_POPULATION_DB.SILVER.pg_clean_charging_stations
         as
        (

SELECT
    STATION_ID,
    TRIM(STATION_NAME)              AS STATION_NAME,
    TRIM(INITCAP(CITY))             AS CITY,
    TRIM(UPPER(COUNTY))             AS COUNTY,
    UPPER(STATE)                    AS STATE,
    TRIM(ZIP_CODE)                  AS ZIP_CODE,
    UPPER(CONNECTOR_TYPE)           AS CONNECTOR_TYPE,
    POWER_LEVEL_KW,
    TRIM(NETWORK)                   AS NETWORK,
    NUM_PORTS,
    UPPER(STATUS)                   AS STATION_STATUS,
    LATITUDE,
    LONGITUDE,
    LAST_UPDATED,
    MERGED_AT
FROM EV_POPULATION_DB.PG_BRONZE.PG_CHARGING_STATIONS
WHERE IS_DELETED = FALSE
  AND STATION_ID IS NOT NULL
  AND POWER_LEVEL_KW BETWEEN 1 AND 500
        );
[0m00:48:13.445934 [debug] [Thread-2 (]: Opening a new connection, currently in state init
[0m00:48:15.064602 [debug] [Thread-2 (]: SQL status: SUCCESS 1 in 1.618 seconds
[0m00:48:15.091071 [info ] [Thread-2 (]: 1 of 10 OK created sql table model SILVER.pg_clean_charging_stations ........... [[32mSUCCESS 1[0m in 1.69s]
[0m00:48:15.091885 [debug] [Thread-2 (]: Finished running node model.ev_charging_dbt.pg_clean_charging_stations
[0m00:48:15.093298 [debug] [Thread-4 (]: Began running node test.ev_charging_dbt.accepted_values_pg_clean_charging_stations_STATE__WA__CA__OR__KS__TX__NY__FL__CO__AZ__NV__IL__MA.97d8c66547
[0m00:48:15.093950 [debug] [Thread-5 (]: Began running node test.ev_charging_dbt.not_null_pg_clean_charging_stations_CITY.3dc23d6186
[0m00:48:15.094540 [debug] [Thread-3 (]: Began running node test.ev_charging_dbt.not_null_pg_clean_charging_stations_POWER_LEVEL_KW.0ed05edb28
[0m00:48:15.095117 [debug] [Thread-2 (]: Began running node test.ev_charging_dbt.not_null_pg_clean_charging_stations_STATE.6340de6706
[0m00:48:15.095746 [info ] [Thread-4 (]: 2 of 10 START test accepted_values_pg_clean_charging_stations_STATE__WA__CA__OR__KS__TX__NY__FL__CO__AZ__NV__IL__MA  [RUN]
[0m00:48:15.096322 [info ] [Thread-5 (]: 3 of 10 START test not_null_pg_clean_charging_stations_CITY .................... [RUN]
[0m00:48:15.096900 [info ] [Thread-3 (]: 4 of 10 START test not_null_pg_clean_charging_stations_POWER_LEVEL_KW .......... [RUN]
[0m00:48:15.097459 [info ] [Thread-2 (]: 5 of 10 START test not_null_pg_clean_charging_stations_STATE ................... [RUN]
[0m00:48:15.098176 [debug] [Thread-4 (]: Re-using an available connection from the pool (formerly list_EV_POPULATION_DB, now test.ev_charging_dbt.accepted_values_pg_clean_charging_stations_STATE__WA__CA__OR__KS__TX__NY__FL__CO__AZ__NV__IL__MA.97d8c66547)
[0m00:48:15.098858 [debug] [Thread-5 (]: Acquiring new snowflake connection 'test.ev_charging_dbt.not_null_pg_clean_charging_stations_CITY.3dc23d6186'
[0m00:48:15.099465 [debug] [Thread-3 (]: Re-using an available connection from the pool (formerly list_EV_POPULATION_DB_SILVER, now test.ev_charging_dbt.not_null_pg_clean_charging_stations_POWER_LEVEL_KW.0ed05edb28)
[0m00:48:15.100044 [debug] [Thread-2 (]: Re-using an available connection from the pool (formerly model.ev_charging_dbt.pg_clean_charging_stations, now test.ev_charging_dbt.not_null_pg_clean_charging_stations_STATE.6340de6706)
[0m00:48:15.100586 [debug] [Thread-4 (]: Began compiling node test.ev_charging_dbt.accepted_values_pg_clean_charging_stations_STATE__WA__CA__OR__KS__TX__NY__FL__CO__AZ__NV__IL__MA.97d8c66547
[0m00:48:15.101115 [debug] [Thread-5 (]: Began compiling node test.ev_charging_dbt.not_null_pg_clean_charging_stations_CITY.3dc23d6186
[0m00:48:15.101643 [debug] [Thread-3 (]: Began compiling node test.ev_charging_dbt.not_null_pg_clean_charging_stations_POWER_LEVEL_KW.0ed05edb28
[0m00:48:15.102124 [debug] [Thread-2 (]: Began compiling node test.ev_charging_dbt.not_null_pg_clean_charging_stations_STATE.6340de6706
[0m00:48:15.108482 [debug] [Thread-4 (]: Writing injected SQL for node "test.ev_charging_dbt.accepted_values_pg_clean_charging_stations_STATE__WA__CA__OR__KS__TX__NY__FL__CO__AZ__NV__IL__MA.97d8c66547"
[0m00:48:15.119038 [debug] [Thread-5 (]: Writing injected SQL for node "test.ev_charging_dbt.not_null_pg_clean_charging_stations_CITY.3dc23d6186"
[0m00:48:15.126767 [debug] [Thread-3 (]: Writing injected SQL for node "test.ev_charging_dbt.not_null_pg_clean_charging_stations_POWER_LEVEL_KW.0ed05edb28"
[0m00:48:15.132191 [debug] [Thread-2 (]: Writing injected SQL for node "test.ev_charging_dbt.not_null_pg_clean_charging_stations_STATE.6340de6706"
[0m00:48:15.133364 [debug] [Thread-4 (]: Began executing node test.ev_charging_dbt.accepted_values_pg_clean_charging_stations_STATE__WA__CA__OR__KS__TX__NY__FL__CO__AZ__NV__IL__MA.97d8c66547
[0m00:48:15.134190 [debug] [Thread-5 (]: Began executing node test.ev_charging_dbt.not_null_pg_clean_charging_stations_CITY.3dc23d6186
[0m00:48:15.134979 [debug] [Thread-3 (]: Began executing node test.ev_charging_dbt.not_null_pg_clean_charging_stations_POWER_LEVEL_KW.0ed05edb28
[0m00:48:15.152555 [debug] [Thread-2 (]: Began executing node test.ev_charging_dbt.not_null_pg_clean_charging_stations_STATE.6340de6706
[0m00:48:15.154792 [debug] [Thread-4 (]: Writing runtime sql for node "test.ev_charging_dbt.accepted_values_pg_clean_charging_stations_STATE__WA__CA__OR__KS__TX__NY__FL__CO__AZ__NV__IL__MA.97d8c66547"
[0m00:48:15.158815 [debug] [Thread-5 (]: Writing runtime sql for node "test.ev_charging_dbt.not_null_pg_clean_charging_stations_CITY.3dc23d6186"
[0m00:48:15.162714 [debug] [Thread-3 (]: Writing runtime sql for node "test.ev_charging_dbt.not_null_pg_clean_charging_stations_POWER_LEVEL_KW.0ed05edb28"
[0m00:48:15.167729 [debug] [Thread-2 (]: Writing runtime sql for node "test.ev_charging_dbt.not_null_pg_clean_charging_stations_STATE.6340de6706"
[0m00:48:15.169559 [debug] [Thread-4 (]: Using snowflake connection "test.ev_charging_dbt.accepted_values_pg_clean_charging_stations_STATE__WA__CA__OR__KS__TX__NY__FL__CO__AZ__NV__IL__MA.97d8c66547"
[0m00:48:15.170786 [debug] [Thread-5 (]: Using snowflake connection "test.ev_charging_dbt.not_null_pg_clean_charging_stations_CITY.3dc23d6186"
[0m00:48:15.171979 [debug] [Thread-3 (]: Using snowflake connection "test.ev_charging_dbt.not_null_pg_clean_charging_stations_POWER_LEVEL_KW.0ed05edb28"
[0m00:48:15.172674 [debug] [Thread-4 (]: On test.ev_charging_dbt.accepted_values_pg_clean_charging_stations_STATE__WA__CA__OR__KS__TX__NY__FL__CO__AZ__NV__IL__MA.97d8c66547: /* {"app": "dbt", "dbt_version": "1.9.4", "profile_name": "ev_charging_dbt", "target_name": "dev", "node_id": "test.ev_charging_dbt.accepted_values_pg_clean_charging_stations_STATE__WA__CA__OR__KS__TX__NY__FL__CO__AZ__NV__IL__MA.97d8c66547"} */
select
      count(*) as failures,
      count(*) != 0 as should_warn,
      count(*) != 0 as should_error
    from (
      
    
    

with all_values as (

    select
        STATE as value_field,
        count(*) as n_records

    from EV_POPULATION_DB.SILVER.pg_clean_charging_stations
    group by STATE

)

select *
from all_values
where value_field not in (
    'WA','CA','OR','KS','TX','NY','FL','CO','AZ','NV','IL','MA'
)



      
    ) dbt_internal_test
[0m00:48:15.173596 [debug] [Thread-2 (]: Using snowflake connection "test.ev_charging_dbt.not_null_pg_clean_charging_stations_STATE.6340de6706"
[0m00:48:15.174156 [debug] [Thread-5 (]: On test.ev_charging_dbt.not_null_pg_clean_charging_stations_CITY.3dc23d6186: /* {"app": "dbt", "dbt_version": "1.9.4", "profile_name": "ev_charging_dbt", "target_name": "dev", "node_id": "test.ev_charging_dbt.not_null_pg_clean_charging_stations_CITY.3dc23d6186"} */
select
      count(*) as failures,
      count(*) != 0 as should_warn,
      count(*) != 0 as should_error
    from (
      
    
    



select CITY
from EV_POPULATION_DB.SILVER.pg_clean_charging_stations
where CITY is null



      
    ) dbt_internal_test
[0m00:48:15.174732 [debug] [Thread-3 (]: On test.ev_charging_dbt.not_null_pg_clean_charging_stations_POWER_LEVEL_KW.0ed05edb28: /* {"app": "dbt", "dbt_version": "1.9.4", "profile_name": "ev_charging_dbt", "target_name": "dev", "node_id": "test.ev_charging_dbt.not_null_pg_clean_charging_stations_POWER_LEVEL_KW.0ed05edb28"} */
select
      count(*) as failures,
      count(*) != 0 as should_warn,
      count(*) != 0 as should_error
    from (
      
    
    



select POWER_LEVEL_KW
from EV_POPULATION_DB.SILVER.pg_clean_charging_stations
where POWER_LEVEL_KW is null



      
    ) dbt_internal_test
[0m00:48:15.175264 [debug] [Thread-4 (]: Opening a new connection, currently in state init
[0m00:48:15.175821 [debug] [Thread-2 (]: On test.ev_charging_dbt.not_null_pg_clean_charging_stations_STATE.6340de6706: /* {"app": "dbt", "dbt_version": "1.9.4", "profile_name": "ev_charging_dbt", "target_name": "dev", "node_id": "test.ev_charging_dbt.not_null_pg_clean_charging_stations_STATE.6340de6706"} */
select
      count(*) as failures,
      count(*) != 0 as should_warn,
      count(*) != 0 as should_error
    from (
      
    
    



select STATE
from EV_POPULATION_DB.SILVER.pg_clean_charging_stations
where STATE is null



      
    ) dbt_internal_test
[0m00:48:15.176311 [debug] [Thread-5 (]: Opening a new connection, currently in state init
[0m00:48:15.176799 [debug] [Thread-3 (]: Opening a new connection, currently in state init
[0m00:48:15.177473 [debug] [Thread-2 (]: Opening a new connection, currently in state init
[0m00:48:15.769745 [debug] [Thread-2 (]: SQL status: SUCCESS 1 in 0.592 seconds
[0m00:48:15.770617 [debug] [Thread-3 (]: SQL status: SUCCESS 1 in 0.594 seconds
[0m00:48:15.771384 [debug] [Thread-5 (]: SQL status: SUCCESS 1 in 0.595 seconds
[0m00:48:15.775716 [info ] [Thread-2 (]: 5 of 10 PASS not_null_pg_clean_charging_stations_STATE ......................... [[32mPASS[0m in 0.68s]
[0m00:48:15.776620 [debug] [Thread-4 (]: SQL status: SUCCESS 1 in 0.601 seconds
[0m00:48:15.778952 [info ] [Thread-3 (]: 4 of 10 PASS not_null_pg_clean_charging_stations_POWER_LEVEL_KW ................ [[32mPASS[0m in 0.68s]
[0m00:48:15.781165 [info ] [Thread-5 (]: 3 of 10 PASS not_null_pg_clean_charging_stations_CITY .......................... [[32mPASS[0m in 0.68s]
[0m00:48:15.781975 [debug] [Thread-2 (]: Finished running node test.ev_charging_dbt.not_null_pg_clean_charging_stations_STATE.6340de6706
[0m00:48:15.784092 [info ] [Thread-4 (]: 2 of 10 PASS accepted_values_pg_clean_charging_stations_STATE__WA__CA__OR__KS__TX__NY__FL__CO__AZ__NV__IL__MA  [[32mPASS[0m in 0.69s]
[0m00:48:15.784870 [debug] [Thread-3 (]: Finished running node test.ev_charging_dbt.not_null_pg_clean_charging_stations_POWER_LEVEL_KW.0ed05edb28
[0m00:48:15.785529 [debug] [Thread-5 (]: Finished running node test.ev_charging_dbt.not_null_pg_clean_charging_stations_CITY.3dc23d6186
[0m00:48:15.786139 [debug] [Thread-2 (]: Began running node test.ev_charging_dbt.not_null_pg_clean_charging_stations_STATION_ID.6c47aef740
[0m00:48:15.786929 [debug] [Thread-4 (]: Finished running node test.ev_charging_dbt.accepted_values_pg_clean_charging_stations_STATE__WA__CA__OR__KS__TX__NY__FL__CO__AZ__NV__IL__MA.97d8c66547
[0m00:48:15.787520 [debug] [Thread-3 (]: Began running node test.ev_charging_dbt.not_null_pg_clean_charging_stations_STATION_NAME.70da824fe9
[0m00:48:15.788259 [debug] [Thread-5 (]: Began running node test.ev_charging_dbt.not_null_pg_clean_charging_stations_ZIP_CODE.9eab751e42
[0m00:48:15.788905 [info ] [Thread-2 (]: 6 of 10 START test not_null_pg_clean_charging_stations_STATION_ID .............. [RUN]
[0m00:48:15.789550 [debug] [Thread-4 (]: Began running node test.ev_charging_dbt.unique_pg_clean_charging_stations_STATION_ID.e60153ef48
[0m00:48:15.790132 [info ] [Thread-3 (]: 7 of 10 START test not_null_pg_clean_charging_stations_STATION_NAME ............ [RUN]
[0m00:48:15.790658 [info ] [Thread-5 (]: 8 of 10 START test not_null_pg_clean_charging_stations_ZIP_CODE ................ [RUN]
[0m00:48:15.791292 [debug] [Thread-2 (]: Re-using an available connection from the pool (formerly test.ev_charging_dbt.not_null_pg_clean_charging_stations_STATE.6340de6706, now test.ev_charging_dbt.not_null_pg_clean_charging_stations_STATION_ID.6c47aef740)
[0m00:48:15.791810 [info ] [Thread-4 (]: 9 of 10 START test unique_pg_clean_charging_stations_STATION_ID ................ [RUN]
[0m00:48:15.792396 [debug] [Thread-3 (]: Re-using an available connection from the pool (formerly test.ev_charging_dbt.not_null_pg_clean_charging_stations_POWER_LEVEL_KW.0ed05edb28, now test.ev_charging_dbt.not_null_pg_clean_charging_stations_STATION_NAME.70da824fe9)
[0m00:48:15.792957 [debug] [Thread-5 (]: Re-using an available connection from the pool (formerly test.ev_charging_dbt.not_null_pg_clean_charging_stations_CITY.3dc23d6186, now test.ev_charging_dbt.not_null_pg_clean_charging_stations_ZIP_CODE.9eab751e42)
[0m00:48:15.793454 [debug] [Thread-2 (]: Began compiling node test.ev_charging_dbt.not_null_pg_clean_charging_stations_STATION_ID.6c47aef740
[0m00:48:15.793988 [debug] [Thread-4 (]: Re-using an available connection from the pool (formerly test.ev_charging_dbt.accepted_values_pg_clean_charging_stations_STATE__WA__CA__OR__KS__TX__NY__FL__CO__AZ__NV__IL__MA.97d8c66547, now test.ev_charging_dbt.unique_pg_clean_charging_stations_STATION_ID.e60153ef48)
[0m00:48:15.794464 [debug] [Thread-3 (]: Began compiling node test.ev_charging_dbt.not_null_pg_clean_charging_stations_STATION_NAME.70da824fe9
[0m00:48:15.794955 [debug] [Thread-5 (]: Began compiling node test.ev_charging_dbt.not_null_pg_clean_charging_stations_ZIP_CODE.9eab751e42
[0m00:48:15.801375 [debug] [Thread-2 (]: Writing injected SQL for node "test.ev_charging_dbt.not_null_pg_clean_charging_stations_STATION_ID.6c47aef740"
[0m00:48:15.802014 [debug] [Thread-4 (]: Began compiling node test.ev_charging_dbt.unique_pg_clean_charging_stations_STATION_ID.e60153ef48
[0m00:48:15.807723 [debug] [Thread-3 (]: Writing injected SQL for node "test.ev_charging_dbt.not_null_pg_clean_charging_stations_STATION_NAME.70da824fe9"
[0m00:48:15.813837 [debug] [Thread-5 (]: Writing injected SQL for node "test.ev_charging_dbt.not_null_pg_clean_charging_stations_ZIP_CODE.9eab751e42"
[0m00:48:15.823836 [debug] [Thread-4 (]: Writing injected SQL for node "test.ev_charging_dbt.unique_pg_clean_charging_stations_STATION_ID.e60153ef48"
[0m00:48:15.824404 [debug] [Thread-2 (]: Began executing node test.ev_charging_dbt.not_null_pg_clean_charging_stations_STATION_ID.6c47aef740
[0m00:48:15.825493 [debug] [Thread-3 (]: Began executing node test.ev_charging_dbt.not_null_pg_clean_charging_stations_STATION_NAME.70da824fe9
[0m00:48:15.826251 [debug] [Thread-5 (]: Began executing node test.ev_charging_dbt.not_null_pg_clean_charging_stations_ZIP_CODE.9eab751e42
[0m00:48:15.830570 [debug] [Thread-2 (]: Writing runtime sql for node "test.ev_charging_dbt.not_null_pg_clean_charging_stations_STATION_ID.6c47aef740"
[0m00:48:15.831253 [debug] [Thread-4 (]: Began executing node test.ev_charging_dbt.unique_pg_clean_charging_stations_STATION_ID.e60153ef48
[0m00:48:15.834951 [debug] [Thread-3 (]: Writing runtime sql for node "test.ev_charging_dbt.not_null_pg_clean_charging_stations_STATION_NAME.70da824fe9"
[0m00:48:15.838992 [debug] [Thread-5 (]: Writing runtime sql for node "test.ev_charging_dbt.not_null_pg_clean_charging_stations_ZIP_CODE.9eab751e42"
[0m00:48:15.843008 [debug] [Thread-4 (]: Writing runtime sql for node "test.ev_charging_dbt.unique_pg_clean_charging_stations_STATION_ID.e60153ef48"
[0m00:48:15.844133 [debug] [Thread-2 (]: Using snowflake connection "test.ev_charging_dbt.not_null_pg_clean_charging_stations_STATION_ID.6c47aef740"
[0m00:48:15.845497 [debug] [Thread-3 (]: Using snowflake connection "test.ev_charging_dbt.not_null_pg_clean_charging_stations_STATION_NAME.70da824fe9"
[0m00:48:15.846780 [debug] [Thread-5 (]: Using snowflake connection "test.ev_charging_dbt.not_null_pg_clean_charging_stations_ZIP_CODE.9eab751e42"
[0m00:48:15.847496 [debug] [Thread-2 (]: On test.ev_charging_dbt.not_null_pg_clean_charging_stations_STATION_ID.6c47aef740: /* {"app": "dbt", "dbt_version": "1.9.4", "profile_name": "ev_charging_dbt", "target_name": "dev", "node_id": "test.ev_charging_dbt.not_null_pg_clean_charging_stations_STATION_ID.6c47aef740"} */
select
      count(*) as failures,
      count(*) != 0 as should_warn,
      count(*) != 0 as should_error
    from (
      
    
    



select STATION_ID
from EV_POPULATION_DB.SILVER.pg_clean_charging_stations
where STATION_ID is null



      
    ) dbt_internal_test
[0m00:48:15.848570 [debug] [Thread-4 (]: Using snowflake connection "test.ev_charging_dbt.unique_pg_clean_charging_stations_STATION_ID.e60153ef48"
[0m00:48:15.849136 [debug] [Thread-3 (]: On test.ev_charging_dbt.not_null_pg_clean_charging_stations_STATION_NAME.70da824fe9: /* {"app": "dbt", "dbt_version": "1.9.4", "profile_name": "ev_charging_dbt", "target_name": "dev", "node_id": "test.ev_charging_dbt.not_null_pg_clean_charging_stations_STATION_NAME.70da824fe9"} */
select
      count(*) as failures,
      count(*) != 0 as should_warn,
      count(*) != 0 as should_error
    from (
      
    
    



select STATION_NAME
from EV_POPULATION_DB.SILVER.pg_clean_charging_stations
where STATION_NAME is null



      
    ) dbt_internal_test
[0m00:48:15.849702 [debug] [Thread-5 (]: On test.ev_charging_dbt.not_null_pg_clean_charging_stations_ZIP_CODE.9eab751e42: /* {"app": "dbt", "dbt_version": "1.9.4", "profile_name": "ev_charging_dbt", "target_name": "dev", "node_id": "test.ev_charging_dbt.not_null_pg_clean_charging_stations_ZIP_CODE.9eab751e42"} */
select
      count(*) as failures,
      count(*) != 0 as should_warn,
      count(*) != 0 as should_error
    from (
      
    
    



select ZIP_CODE
from EV_POPULATION_DB.SILVER.pg_clean_charging_stations
where ZIP_CODE is null



      
    ) dbt_internal_test
[0m00:48:15.850214 [debug] [Thread-2 (]: Opening a new connection, currently in state init
[0m00:48:15.850756 [debug] [Thread-4 (]: On test.ev_charging_dbt.unique_pg_clean_charging_stations_STATION_ID.e60153ef48: /* {"app": "dbt", "dbt_version": "1.9.4", "profile_name": "ev_charging_dbt", "target_name": "dev", "node_id": "test.ev_charging_dbt.unique_pg_clean_charging_stations_STATION_ID.e60153ef48"} */
select
      count(*) as failures,
      count(*) != 0 as should_warn,
      count(*) != 0 as should_error
    from (
      
    
    

select
    STATION_ID as unique_field,
    count(*) as n_records

from EV_POPULATION_DB.SILVER.pg_clean_charging_stations
where STATION_ID is not null
group by STATION_ID
having count(*) > 1



      
    ) dbt_internal_test
[0m00:48:15.851253 [debug] [Thread-3 (]: Opening a new connection, currently in state init
[0m00:48:15.851697 [debug] [Thread-5 (]: Opening a new connection, currently in state init
[0m00:48:15.852366 [debug] [Thread-4 (]: Opening a new connection, currently in state init
[0m00:48:16.469570 [debug] [Thread-2 (]: SQL status: SUCCESS 1 in 0.619 seconds
[0m00:48:16.471985 [info ] [Thread-2 (]: 6 of 10 PASS not_null_pg_clean_charging_stations_STATION_ID .................... [[32mPASS[0m in 0.68s]
[0m00:48:16.472861 [debug] [Thread-4 (]: SQL status: SUCCESS 1 in 0.620 seconds
[0m00:48:16.473625 [debug] [Thread-2 (]: Finished running node test.ev_charging_dbt.not_null_pg_clean_charging_stations_STATION_ID.6c47aef740
[0m00:48:16.475828 [info ] [Thread-4 (]: 9 of 10 PASS unique_pg_clean_charging_stations_STATION_ID ...................... [[32mPASS[0m in 0.68s]
[0m00:48:16.476813 [debug] [Thread-4 (]: Finished running node test.ev_charging_dbt.unique_pg_clean_charging_stations_STATION_ID.e60153ef48
[0m00:48:16.482878 [debug] [Thread-3 (]: SQL status: SUCCESS 1 in 0.631 seconds
[0m00:48:16.485124 [info ] [Thread-3 (]: 7 of 10 PASS not_null_pg_clean_charging_stations_STATION_NAME .................. [[32mPASS[0m in 0.69s]
[0m00:48:16.485842 [debug] [Thread-3 (]: Finished running node test.ev_charging_dbt.not_null_pg_clean_charging_stations_STATION_NAME.70da824fe9
[0m00:48:16.487523 [debug] [Thread-5 (]: SQL status: SUCCESS 1 in 0.636 seconds
[0m00:48:16.489741 [info ] [Thread-5 (]: 8 of 10 PASS not_null_pg_clean_charging_stations_ZIP_CODE ...................... [[32mPASS[0m in 0.70s]
[0m00:48:16.490469 [debug] [Thread-5 (]: Finished running node test.ev_charging_dbt.not_null_pg_clean_charging_stations_ZIP_CODE.9eab751e42
[0m00:48:16.491567 [debug] [Thread-2 (]: Began running node model.ev_charging_dbt.dim_charging_stations
[0m00:48:16.492485 [info ] [Thread-2 (]: 10 of 10 START sql table model GOLD.dim_charging_stations ...................... [RUN]
[0m00:48:16.493224 [debug] [Thread-2 (]: Re-using an available connection from the pool (formerly test.ev_charging_dbt.not_null_pg_clean_charging_stations_STATION_ID.6c47aef740, now model.ev_charging_dbt.dim_charging_stations)
[0m00:48:16.493784 [debug] [Thread-2 (]: Began compiling node model.ev_charging_dbt.dim_charging_stations
[0m00:48:16.498907 [debug] [Thread-2 (]: Writing injected SQL for node "model.ev_charging_dbt.dim_charging_stations"
[0m00:48:16.499723 [debug] [Thread-2 (]: Began executing node model.ev_charging_dbt.dim_charging_stations
[0m00:48:16.503924 [debug] [Thread-2 (]: Writing runtime sql for node "model.ev_charging_dbt.dim_charging_stations"
[0m00:48:16.505343 [debug] [Thread-2 (]: Using snowflake connection "model.ev_charging_dbt.dim_charging_stations"
[0m00:48:16.505882 [debug] [Thread-2 (]: On model.ev_charging_dbt.dim_charging_stations: /* {"app": "dbt", "dbt_version": "1.9.4", "profile_name": "ev_charging_dbt", "target_name": "dev", "node_id": "model.ev_charging_dbt.dim_charging_stations"} */
create or replace transient table EV_POPULATION_DB.GOLD.dim_charging_stations
         as
        (

SELECT
    STATION_ID,
    STATION_NAME,
    CITY,
    COUNTY,
    STATE,
    ZIP_CODE,
    CONNECTOR_TYPE,
    POWER_LEVEL_KW,
    NETWORK,
    NUM_PORTS,
    STATION_STATUS,
    LATITUDE,
    LONGITUDE,
    CASE
        WHEN POWER_LEVEL_KW >= 150 THEN 'DC Fast Charging'
        WHEN POWER_LEVEL_KW >= 20 THEN 'Level 2 Fast'
        ELSE 'Level 2 Standard'
    END AS CHARGING_TIER,
    MERGED_AT AS LAST_UPDATED_AT
FROM EV_POPULATION_DB.SILVER.pg_clean_charging_stations
        );
[0m00:48:16.506376 [debug] [Thread-2 (]: Opening a new connection, currently in state init
[0m00:48:17.666724 [debug] [Thread-2 (]: SQL status: SUCCESS 1 in 1.160 seconds
[0m00:48:17.669525 [info ] [Thread-2 (]: 10 of 10 OK created sql table model GOLD.dim_charging_stations ................. [[32mSUCCESS 1[0m in 1.18s]
[0m00:48:17.670314 [debug] [Thread-2 (]: Finished running node model.ev_charging_dbt.dim_charging_stations
[0m00:48:17.673140 [debug] [Dummy-1   ]: Connection 'master' was properly closed.
[0m00:48:17.674339 [debug] [Dummy-1   ]: Connection 'test.ev_charging_dbt.unique_pg_clean_charging_stations_STATION_ID.e60153ef48' was properly closed.
[0m00:48:17.674848 [debug] [Dummy-1   ]: Connection 'test.ev_charging_dbt.not_null_pg_clean_charging_stations_STATION_NAME.70da824fe9' was properly closed.
[0m00:48:17.675263 [debug] [Dummy-1   ]: Connection 'model.ev_charging_dbt.dim_charging_stations' was properly closed.
[0m00:48:17.675650 [debug] [Dummy-1   ]: Connection 'test.ev_charging_dbt.not_null_pg_clean_charging_stations_ZIP_CODE.9eab751e42' was properly closed.
[0m00:48:17.676170 [info ] [Dummy-1   ]: 
[0m00:48:17.676665 [info ] [Dummy-1   ]: Finished running 2 table models, 8 data tests in 0 hours 0 minutes and 5.83 seconds (5.83s).
[0m00:48:17.678637 [debug] [Dummy-1   ]: Command end result
[0m00:48:17.702770 [debug] [Dummy-1   ]: Wrote artifact WritableManifest to /tmp/dbt/target/manifest.json
[0m00:48:17.704698 [debug] [Dummy-1   ]: Wrote artifact SemanticManifest to /tmp/dbt/target/semantic_manifest.json
[0m00:48:17.711210 [debug] [Dummy-1   ]: Wrote artifact RunExecutionResult to /tmp/dbt/target/run_results.json
[0m00:48:17.711752 [info ] [Dummy-1   ]: 
[0m00:48:17.712327 [info ] [Dummy-1   ]: [32mCompleted successfully[0m
[0m00:48:17.712788 [info ] [Dummy-1   ]: 
[0m00:48:17.713291 [info ] [Dummy-1   ]: Done. PASS=10 WARN=0 ERROR=0 SKIP=0 TOTAL=10
[0m00:48:17.714999 [debug] [Dummy-1   ]: Resource report: {"command_name": "build", "command_success": true, "command_wall_clock_time": 8.47823, "process_in_blocks": "0", "process_kernel_time": 0.88, "process_mem_max_rss": "509088", "process_out_blocks": "0", "process_user_time": 5.7}
[0m00:48:17.715638 [debug] [Dummy-1   ]: Command `cli build` succeeded at 00:48:17.715375 after 8.48 seconds
[0m00:48:17.716156 [debug] [Dummy-1   ]: Flushing usage events
